2026-04-12 10:31:26 INFO  SecondaryNameNode:809 - STARTUP_MSG: 
/************************************************************
STARTUP_MSG: Starting SecondaryNameNode
STARTUP_MSG:   host = hadoop/172.22.0.2
STARTUP_MSG:   args = []
STARTUP_MSG:   version = 3.4.3
STARTUP_MSG:   classpath = /opt/hadoop/etc/hadoop:/opt/hadoop/share/hadoop/common/lib/netty-transport-classes-epoll-4.1.127.Final.jar:/opt/hadoop/share/hadoop/common/lib/commons-cli-1.9.0.jar:/opt/hadoop/share/hadoop/common/lib/jsr311-api-1.1.1.jar:/opt/hadoop/share/hadoop/common/lib/snappy-java-1.1.10.4.jar:/opt/hadoop/share/hadoop/common/lib/commons-logging-1.3.0.jar:/opt/hadoop/share/hadoop/common/lib/hadoop-shaded-protobuf_3_25-1.5.0.jar:/opt/hadoop/share/hadoop/common/lib/jsp-api-2.1.jar:/opt/hadoop/share/hadoop/common/lib/hadoop-auth-3.4.3.jar:/opt/hadoop/share/hadoop/common/lib/netty-transport-rxtx-4.1.127.Final.jar:/opt/hadoop/share/hadoop/common/lib/httpcore-4.4.13.jar:/opt/hadoop/share/hadoop/common/lib/hadoop-shaded-guava-1.5.0.jar:/opt/hadoop/share/hadoop/common/lib/jetty-http-9.4.57.v20241219.jar:/opt/hadoop/share/hadoop/common/lib/jetty-security-9.4.57.v20241219.jar:/opt/hadoop/share/hadoop/common/lib/analyticsaccelerator-s3-1.3.1.jar:/opt/hadoop/share/hadoop/common/lib/netty-codec-xml-4.1.127.Final.jar:/opt/hadoop/share/hadoop/common/lib/azure-keyvault-core-1.0.0.jar:/opt/hadoop/share/hadoop/common/lib/commons-codec-1.15.jar:/opt/hadoop/share/hadoop/common/lib/jetty-util-9.4.57.v20241219.jar:/opt/hadoop/share/hadoop/common/lib/netty-common-4.1.127.Final.jar:/opt/hadoop/share/hadoop/common/lib/hadoop-huaweicloud-3.4.3.jar:/opt/hadoop/share/hadoop/common/lib/avro-1.11.4.jar:/opt/hadoop/share/hadoop/common/lib/kerb-core-2.0.3.jar:/opt/hadoop/share/hadoop/common/lib/hadoop-aws-3.4.3.jar:/opt/hadoop/share/hadoop/common/lib/jackson-annotations-2.12.7.jar:/opt/hadoop/share/hadoop/common/lib/netty-codec-dns-4.1.127.Final.jar:/opt/hadoop/share/hadoop/common/lib/jetty-io-9.4.57.v20241219.jar:/opt/hadoop/share/hadoop/common/lib/hadoop-annotations-3.4.3.jar:/opt/hadoop/share/hadoop/common/lib/kerby-asn1-2.0.3.jar:/opt/hadoop/share/hadoop/common/lib/jaxb-api-2.2.11.jar:/opt/hadoop/share/hadoop/common/lib/jetty-util-ajax-9.4.57.v20241219.jar:/opt/hadoop/share/hadoop/common/lib/zookeeper-jute-3.8.4.jar:/opt/hadoop/share/hadoop/common/lib/bcprov-jdk18on-1.82.jar:/opt/hadoop/share/hadoop/common/lib/netty-resolver-dns-native-macos-4.1.127.Final-osx-aarch_64.jar:/opt/hadoop/share/hadoop/common/lib/jetty-servlet-9.4.57.v20241219.jar:/opt/hadoop/share/hadoop/common/lib/j2objc-annotations-2.8.jar:/opt/hadoop/share/hadoop/common/lib/commons-lang3-3.18.0.jar:/opt/hadoop/share/hadoop/common/lib/netty-codec-redis-4.1.127.Final.jar:/opt/hadoop/share/hadoop/common/lib/netty-codec-stomp-4.1.127.Final.jar:/opt/hadoop/share/hadoop/common/lib/jakarta.activation-api-1.2.1.jar:/opt/hadoop/share/hadoop/common/lib/jaxb-impl-2.2.3-1.jar:/opt/hadoop/share/hadoop/common/lib/jsch-0.1.55.jar:/opt/hadoop/share/hadoop/common/lib/jetty-server-9.4.57.v20241219.jar:/opt/hadoop/share/hadoop/common/lib/commons-daemon-1.0.13.jar:/opt/hadoop/share/hadoop/common/lib/netty-transport-native-epoll-4.1.127.Final-linux-riscv64.jar:/opt/hadoop/share/hadoop/common/lib/netty-handler-ssl-ocsp-4.1.127.Final.jar:/opt/hadoop/share/hadoop/common/lib/jsr305-3.0.2.jar:/opt/hadoop/share/hadoop/common/lib/jetty-webapp-9.4.57.v20241219.jar:/opt/hadoop/share/hadoop/common/lib/failureaccess-1.0.1.jar:/opt/hadoop/share/hadoop/common/lib/netty-buffer-4.1.127.Final.jar:/opt/hadoop/share/hadoop/common/lib/kerb-crypto-2.0.3.jar:/opt/hadoop/share/hadoop/common/lib/netty-resolver-dns-4.1.127.Final.jar:/opt/hadoop/share/hadoop/common/lib/nimbus-jose-jwt-10.4.jar:/opt/hadoop/share/hadoop/common/lib/netty-codec-smtp-4.1.127.Final.jar:/opt/hadoop/share/hadoop/common/lib/netty-codec-memcache-4.1.127.Final.jar:/opt/hadoop/share/hadoop/common/lib/netty-codec-http-4.1.127.Final.jar:/opt/hadoop/share/hadoop/common/lib/slf4j-api-1.7.36.jar:/opt/hadoop/share/hadoop/common/lib/jersey-server-1.19.4.jar:/opt/hadoop/share/hadoop/common/lib/netty-handler-4.1.127.Final.jar:/opt/hadoop/share/hadoop/common/lib/woodstox-core-5.4.0.jar:/opt/hadoop/share/hadoop/common/lib/zookeeper-3.8.4.jar:/opt/hadoop/share/hadoop/common/lib/kerby-config-2.0.3.jar:/opt/hadoop/share/hadoop/common/lib/hadoop-cos-3.4.3.jar:/opt/hadoop/share/hadoop/common/lib/commons-net-3.9.0.jar:/opt/hadoop/share/hadoop/common/lib/re2j-1.1.jar:/opt/hadoop/share/hadoop/common/lib/netty-codec-socks-4.1.127.Final.jar:/opt/hadoop/share/hadoop/common/lib/wildfly-openssl-2.2.5.Final.jar:/opt/hadoop/share/hadoop/common/lib/audience-annotations-0.12.0.jar:/opt/hadoop/share/hadoop/common/lib/curator-recipes-5.2.0.jar:/opt/hadoop/share/hadoop/common/lib/hadoop-azure-datalake-3.4.3.jar:/opt/hadoop/share/hadoop/common/lib/netty-transport-sctp-4.1.127.Final.jar:/opt/hadoop/share/hadoop/common/lib/netty-codec-4.1.127.Final.jar:/opt/hadoop/share/hadoop/common/lib/netty-codec-haproxy-4.1.127.Final.jar:/opt/hadoop/share/hadoop/common/lib/jackson-core-2.12.7.jar:/opt/hadoop/share/hadoop/common/lib/commons-configuration2-2.10.1.jar:/opt/hadoop/share/hadoop/common/lib/netty-resolver-dns-classes-macos-4.1.127.Final.jar:/opt/hadoop/share/hadoop/common/lib/commons-io-2.16.1.jar:/opt/hadoop/share/hadoop/common/lib/curator-client-5.2.0.jar:/opt/hadoop/share/hadoop/common/lib/jul-to-slf4j-1.7.36.jar:/opt/hadoop/share/hadoop/common/lib/commons-text-1.14.0.jar:/opt/hadoop/share/hadoop/common/lib/netty-resolver-dns-native-macos-4.1.127.Final-osx-x86_64.jar:/opt/hadoop/share/hadoop/common/lib/metrics-core-3.2.4.jar:/opt/hadoop/share/hadoop/common/lib/netty-transport-native-unix-common-4.1.127.Final.jar:/opt/hadoop/share/hadoop/common/lib/httpclient-4.5.13.jar:/opt/hadoop/share/hadoop/common/lib/jersey-core-1.19.4.jar:/opt/hadoop/share/hadoop/common/lib/jackson-databind-2.12.7.1.jar:/opt/hadoop/share/hadoop/common/lib/listenablefuture-9999.0-empty-to-avoid-conflict-with-guava.jar:/opt/hadoop/share/hadoop/common/lib/commons-math3-3.6.1.jar:/opt/hadoop/share/hadoop/common/lib/jetty-xml-9.4.57.v20241219.jar:/opt/hadoop/share/hadoop/common/lib/slf4j-reload4j-1.7.36.jar:/opt/hadoop/share/hadoop/common/lib/commons-compress-1.26.1.jar:/opt/hadoop/share/hadoop/common/lib/netty-codec-http2-4.1.127.Final.jar:/opt/hadoop/share/hadoop/common/lib/netty-transport-native-kqueue-4.1.127.Final-osx-x86_64.jar:/opt/hadoop/share/hadoop/common/lib/jersey-json-1.22.0.jar:/opt/hadoop/share/hadoop/common/lib/netty-handler-proxy-4.1.127.Final.jar:/opt/hadoop/share/hadoop/common/lib/hadoop-azure-3.4.3.jar:/opt/hadoop/share/hadoop/common/lib/netty-codec-mqtt-4.1.127.Final.jar:/opt/hadoop/share/hadoop/common/lib/guava-32.0.1-jre.jar:/opt/hadoop/share/hadoop/common/lib/dnsjava-3.6.1.jar:/opt/hadoop/share/hadoop/common/lib/reload4j-1.2.22.jar:/opt/hadoop/share/hadoop/common/lib/jettison-1.5.4.jar:/opt/hadoop/share/hadoop/common/lib/netty-transport-4.1.127.Final.jar:/opt/hadoop/share/hadoop/common/lib/gson-2.9.0.jar:/opt/hadoop/share/hadoop/common/lib/netty-transport-native-epoll-4.1.127.Final-linux-x86_64.jar:/opt/hadoop/share/hadoop/common/lib/azure-storage-7.0.1.jar:/opt/hadoop/share/hadoop/common/lib/netty-transport-native-kqueue-4.1.127.Final-osx-aarch_64.jar:/opt/hadoop/share/hadoop/common/lib/kerby-pkix-2.0.3.jar:/opt/hadoop/share/hadoop/common/lib/javax.servlet-api-3.1.0.jar:/opt/hadoop/share/hadoop/common/lib/stax2-api-4.2.1.jar:/opt/hadoop/share/hadoop/common/lib/checker-qual-3.33.0.jar:/opt/hadoop/share/hadoop/common/lib/netty-all-4.1.127.Final.jar:/opt/hadoop/share/hadoop/common/lib/netty-transport-classes-kqueue-4.1.127.Final.jar:/opt/hadoop/share/hadoop/common/lib/netty-transport-native-epoll-4.1.127.Final-linux-aarch_64.jar:/opt/hadoop/share/hadoop/common/lib/netty-transport-native-epoll-4.1.127.Final.jar:/opt/hadoop/share/hadoop/common/lib/netty-transport-udt-4.1.127.Final.jar:/opt/hadoop/share/hadoop/common/lib/jersey-servlet-1.19.4.jar:/opt/hadoop/share/hadoop/common/lib/curator-framework-5.2.0.jar:/opt/hadoop/share/hadoop/common/lib/netty-resolver-4.1.127.Final.jar:/opt/hadoop/share/hadoop/common/lib/kerb-util-2.0.3.jar:/opt/hadoop/share/hadoop/common/lib/commons-collections4-4.4.jar:/opt/hadoop/share/hadoop/common/lib/kerby-util-2.0.3.jar:/opt/hadoop/share/hadoop/common/hadoop-registry-3.4.3.jar:/opt/hadoop/share/hadoop/common/hadoop-common-3.4.3.jar:/opt/hadoop/share/hadoop/common/hadoop-common-3.4.3-tests.jar:/opt/hadoop/share/hadoop/common/hadoop-kms-3.4.3.jar:/opt/hadoop/share/hadoop/common/hadoop-nfs-3.4.3.jar:/opt/hadoop/share/hadoop/hdfs:/opt/hadoop/share/hadoop/hdfs/lib/netty-transport-classes-epoll-4.1.127.Final.jar:/opt/hadoop/share/hadoop/hdfs/lib/commons-cli-1.9.0.jar:/opt/hadoop/share/hadoop/hdfs/lib/jsr311-api-1.1.1.jar:/opt/hadoop/share/hadoop/hdfs/lib/snappy-java-1.1.10.4.jar:/opt/hadoop/share/hadoop/hdfs/lib/commons-logging-1.3.0.jar:/opt/hadoop/share/hadoop/hdfs/lib/hadoop-shaded-protobuf_3_25-1.5.0.jar:/opt/hadoop/share/hadoop/hdfs/lib/hadoop-auth-3.4.3.jar:/opt/hadoop/share/hadoop/hdfs/lib/netty-transport-rxtx-4.1.127.Final.jar:/opt/hadoop/share/hadoop/hdfs/lib/httpcore-4.4.13.jar:/opt/hadoop/share/hadoop/hdfs/lib/hadoop-shaded-guava-1.5.0.jar:/opt/hadoop/share/hadoop/hdfs/lib/jetty-http-9.4.57.v20241219.jar:/opt/hadoop/share/hadoop/hdfs/lib/jetty-security-9.4.57.v20241219.jar:/opt/hadoop/share/hadoop/hdfs/lib/netty-codec-xml-4.1.127.Final.jar:/opt/hadoop/share/hadoop/hdfs/lib/commons-codec-1.15.jar:/opt/hadoop/share/hadoop/hdfs/lib/jetty-util-9.4.57.v20241219.jar:/opt/hadoop/share/hadoop/hdfs/lib/netty-common-4.1.127.Final.jar:/opt/hadoop/share/hadoop/hdfs/lib/avro-1.11.4.jar:/opt/hadoop/share/hadoop/hdfs/lib/kerb-core-2.0.3.jar:/opt/hadoop/share/hadoop/hdfs/lib/jackson-annotations-2.12.7.jar:/opt/hadoop/share/hadoop/hdfs/lib/netty-codec-dns-4.1.127.Final.jar:/opt/hadoop/share/hadoop/hdfs/lib/jetty-io-9.4.57.v20241219.jar:/opt/hadoop/share/hadoop/hdfs/lib/hadoop-annotations-3.4.3.jar:/opt/hadoop/share/hadoop/hdfs/lib/kerby-asn1-2.0.3.jar:/opt/hadoop/share/hadoop/hdfs/lib/jaxb-api-2.2.11.jar:/opt/hadoop/share/hadoop/hdfs/lib/jetty-util-ajax-9.4.57.v20241219.jar:/opt/hadoop/share/hadoop/hdfs/lib/zookeeper-jute-3.8.4.jar:/opt/hadoop/share/hadoop/hdfs/lib/netty-resolver-dns-native-macos-4.1.127.Final-osx-aarch_64.jar:/opt/hadoop/share/hadoop/hdfs/lib/jetty-servlet-9.4.57.v20241219.jar:/opt/hadoop/share/hadoop/hdfs/lib/j2objc-annotations-2.8.jar:/opt/hadoop/share/hadoop/hdfs/lib/commons-lang3-3.18.0.jar:/opt/hadoop/share/hadoop/hdfs/lib/leveldbjni-all-1.8.jar:/opt/hadoop/share/hadoop/hdfs/lib/netty-codec-redis-4.1.127.Final.jar:/opt/hadoop/share/hadoop/hdfs/lib/netty-codec-stomp-4.1.127.Final.jar:/opt/hadoop/share/hadoop/hdfs/lib/jakarta.activation-api-1.2.1.jar:/opt/hadoop/share/hadoop/hdfs/lib/jaxb-impl-2.2.3-1.jar:/opt/hadoop/share/hadoop/hdfs/lib/jsch-0.1.55.jar:/opt/hadoop/share/hadoop/hdfs/lib/jetty-server-9.4.57.v20241219.jar:/opt/hadoop/share/hadoop/hdfs/lib/commons-daemon-1.0.13.jar:/opt/hadoop/share/hadoop/hdfs/lib/netty-transport-native-epoll-4.1.127.Final-linux-riscv64.jar:/opt/hadoop/share/hadoop/hdfs/lib/netty-handler-ssl-ocsp-4.1.127.Final.jar:/opt/hadoop/share/hadoop/hdfs/lib/jsr305-3.0.2.jar:/opt/hadoop/share/hadoop/hdfs/lib/jetty-webapp-9.4.57.v20241219.jar:/opt/hadoop/share/hadoop/hdfs/lib/failureaccess-1.0.1.jar:/opt/hadoop/share/hadoop/hdfs/lib/netty-buffer-4.1.127.Final.jar:/opt/hadoop/share/hadoop/hdfs/lib/kerb-crypto-2.0.3.jar:/opt/hadoop/share/hadoop/hdfs/lib/netty-resolver-dns-4.1.127.Final.jar:/opt/hadoop/share/hadoop/hdfs/lib/nimbus-jose-jwt-10.4.jar:/opt/hadoop/share/hadoop/hdfs/lib/netty-codec-smtp-4.1.127.Final.jar:/opt/hadoop/share/hadoop/hdfs/lib/netty-codec-memcache-4.1.127.Final.jar:/opt/hadoop/share/hadoop/hdfs/lib/netty-codec-http-4.1.127.Final.jar:/opt/hadoop/share/hadoop/hdfs/lib/jersey-server-1.19.4.jar:/opt/hadoop/share/hadoop/hdfs/lib/netty-handler-4.1.127.Final.jar:/opt/hadoop/share/hadoop/hdfs/lib/json-simple-1.1.1.jar:/opt/hadoop/share/hadoop/hdfs/lib/woodstox-core-5.4.0.jar:/opt/hadoop/share/hadoop/hdfs/lib/zookeeper-3.8.4.jar:/opt/hadoop/share/hadoop/hdfs/lib/kerby-config-2.0.3.jar:/opt/hadoop/share/hadoop/hdfs/lib/commons-net-3.9.0.jar:/opt/hadoop/share/hadoop/hdfs/lib/re2j-1.1.jar:/opt/hadoop/share/hadoop/hdfs/lib/netty-codec-socks-4.1.127.Final.jar:/opt/hadoop/share/hadoop/hdfs/lib/audience-annotations-0.12.0.jar:/opt/hadoop/share/hadoop/hdfs/lib/curator-recipes-5.2.0.jar:/opt/hadoop/share/hadoop/hdfs/lib/netty-transport-sctp-4.1.127.Final.jar:/opt/hadoop/share/hadoop/hdfs/lib/netty-codec-4.1.127.Final.jar:/opt/hadoop/share/hadoop/hdfs/lib/netty-codec-haproxy-4.1.127.Final.jar:/opt/hadoop/share/hadoop/hdfs/lib/jackson-core-2.12.7.jar:/opt/hadoop/share/hadoop/hdfs/lib/commons-configuration2-2.10.1.jar:/opt/hadoop/share/hadoop/hdfs/lib/netty-resolver-dns-classes-macos-4.1.127.Final.jar:/opt/hadoop/share/hadoop/hdfs/lib/commons-io-2.16.1.jar:/opt/hadoop/share/hadoop/hdfs/lib/curator-client-5.2.0.jar:/opt/hadoop/share/hadoop/hdfs/lib/commons-text-1.14.0.jar:/opt/hadoop/share/hadoop/hdfs/lib/netty-resolver-dns-native-macos-4.1.127.Final-osx-x86_64.jar:/opt/hadoop/share/hadoop/hdfs/lib/metrics-core-3.2.4.jar:/opt/hadoop/share/hadoop/hdfs/lib/netty-transport-native-unix-common-4.1.127.Final.jar:/opt/hadoop/share/hadoop/hdfs/lib/httpclient-4.5.13.jar:/opt/hadoop/share/hadoop/hdfs/lib/jersey-core-1.19.4.jar:/opt/hadoop/share/hadoop/hdfs/lib/jackson-databind-2.12.7.1.jar:/opt/hadoop/share/hadoop/hdfs/lib/listenablefuture-9999.0-empty-to-avoid-conflict-with-guava.jar:/opt/hadoop/share/hadoop/hdfs/lib/commons-math3-3.6.1.jar:/opt/hadoop/share/hadoop/hdfs/lib/jetty-xml-9.4.57.v20241219.jar:/opt/hadoop/share/hadoop/hdfs/lib/commons-compress-1.26.1.jar:/opt/hadoop/share/hadoop/hdfs/lib/netty-codec-http2-4.1.127.Final.jar:/opt/hadoop/share/hadoop/hdfs/lib/netty-transport-native-kqueue-4.1.127.Final-osx-x86_64.jar:/opt/hadoop/share/hadoop/hdfs/lib/jersey-json-1.22.0.jar:/opt/hadoop/share/hadoop/hdfs/lib/netty-handler-proxy-4.1.127.Final.jar:/opt/hadoop/share/hadoop/hdfs/lib/netty-codec-mqtt-4.1.127.Final.jar:/opt/hadoop/share/hadoop/hdfs/lib/guava-32.0.1-jre.jar:/opt/hadoop/share/hadoop/hdfs/lib/dnsjava-3.6.1.jar:/opt/hadoop/share/hadoop/hdfs/lib/reload4j-1.2.22.jar:/opt/hadoop/share/hadoop/hdfs/lib/jettison-1.5.4.jar:/opt/hadoop/share/hadoop/hdfs/lib/netty-transport-4.1.127.Final.jar:/opt/hadoop/share/hadoop/hdfs/lib/gson-2.9.0.jar:/opt/hadoop/share/hadoop/hdfs/lib/netty-transport-native-epoll-4.1.127.Final-linux-x86_64.jar:/opt/hadoop/share/hadoop/hdfs/lib/netty-transport-native-kqueue-4.1.127.Final-osx-aarch_64.jar:/opt/hadoop/share/hadoop/hdfs/lib/kerby-pkix-2.0.3.jar:/opt/hadoop/share/hadoop/hdfs/lib/javax.servlet-api-3.1.0.jar:/opt/hadoop/share/hadoop/hdfs/lib/stax2-api-4.2.1.jar:/opt/hadoop/share/hadoop/hdfs/lib/checker-qual-3.33.0.jar:/opt/hadoop/share/hadoop/hdfs/lib/netty-all-4.1.127.Final.jar:/opt/hadoop/share/hadoop/hdfs/lib/netty-transport-classes-kqueue-4.1.127.Final.jar:/opt/hadoop/share/hadoop/hdfs/lib/netty-transport-native-epoll-4.1.127.Final-linux-aarch_64.jar:/opt/hadoop/share/hadoop/hdfs/lib/netty-transport-native-epoll-4.1.127.Final.jar:/opt/hadoop/share/hadoop/hdfs/lib/netty-transport-udt-4.1.127.Final.jar:/opt/hadoop/share/hadoop/hdfs/lib/jersey-servlet-1.19.4.jar:/opt/hadoop/share/hadoop/hdfs/lib/curator-framework-5.2.0.jar:/opt/hadoop/share/hadoop/hdfs/lib/netty-resolver-4.1.127.Final.jar:/opt/hadoop/share/hadoop/hdfs/lib/kerb-util-2.0.3.jar:/opt/hadoop/share/hadoop/hdfs/lib/commons-collections4-4.4.jar:/opt/hadoop/share/hadoop/hdfs/lib/kerby-util-2.0.3.jar:/opt/hadoop/share/hadoop/hdfs/lib/HikariCP-4.0.3.jar:/opt/hadoop/share/hadoop/hdfs/hadoop-hdfs-client-3.4.3.jar:/opt/hadoop/share/hadoop/hdfs/hadoop-hdfs-httpfs-3.4.3.jar:/opt/hadoop/share/hadoop/hdfs/hadoop-hdfs-native-client-3.4.3-tests.jar:/opt/hadoop/share/hadoop/hdfs/hadoop-hdfs-client-3.4.3-tests.jar:/opt/hadoop/share/hadoop/hdfs/hadoop-hdfs-3.4.3.jar:/opt/hadoop/share/hadoop/hdfs/hadoop-hdfs-nfs-3.4.3.jar:/opt/hadoop/share/hadoop/hdfs/hadoop-hdfs-native-client-3.4.3.jar:/opt/hadoop/share/hadoop/hdfs/hadoop-hdfs-rbf-3.4.3.jar:/opt/hadoop/share/hadoop/hdfs/hadoop-hdfs-rbf-3.4.3-tests.jar:/opt/hadoop/share/hadoop/hdfs/hadoop-hdfs-3.4.3-tests.jar:/opt/hadoop/share/hadoop/mapreduce/hadoop-mapreduce-examples-3.4.3.jar:/opt/hadoop/share/hadoop/mapreduce/hadoop-mapreduce-client-nativetask-3.4.3.jar:/opt/hadoop/share/hadoop/mapreduce/hadoop-mapreduce-client-uploader-3.4.3.jar:/opt/hadoop/share/hadoop/mapreduce/hadoop-mapreduce-client-jobclient-3.4.3-tests.jar:/opt/hadoop/share/hadoop/mapreduce/hadoop-mapreduce-client-jobclient-3.4.3.jar:/opt/hadoop/share/hadoop/mapreduce/hadoop-mapreduce-client-hs-plugins-3.4.3.jar:/opt/hadoop/share/hadoop/mapreduce/hadoop-mapreduce-client-app-3.4.3.jar:/opt/hadoop/share/hadoop/mapreduce/hadoop-mapreduce-client-core-3.4.3.jar:/opt/hadoop/share/hadoop/mapreduce/hadoop-mapreduce-client-shuffle-3.4.3.jar:/opt/hadoop/share/hadoop/mapreduce/hadoop-mapreduce-client-common-3.4.3.jar:/opt/hadoop/share/hadoop/mapreduce/hadoop-mapreduce-client-hs-3.4.3.jar:/opt/hadoop/share/hadoop/yarn:/opt/hadoop/share/hadoop/yarn/lib/jaxb-runtime-2.3.1.jar:/opt/hadoop/share/hadoop/yarn/lib/bcpkix-jdk18on-1.82.jar:/opt/hadoop/share/hadoop/yarn/lib/guice-4.2.3.jar:/opt/hadoop/share/hadoop/yarn/lib/javax.activation-api-1.2.0.jar:/opt/hadoop/share/hadoop/yarn/lib/aopalliance-1.0.jar:/opt/hadoop/share/hadoop/yarn/lib/cache-api-1.1.1.jar:/opt/hadoop/share/hadoop/yarn/lib/objenesis-2.6.jar:/opt/hadoop/share/hadoop/yarn/lib/websocket-server-9.4.57.v20241219.jar:/opt/hadoop/share/hadoop/yarn/lib/txw2-2.3.1.jar:/opt/hadoop/share/hadoop/yarn/lib/ehcache-3.8.2.jar:/opt/hadoop/share/hadoop/yarn/lib/javax.websocket-client-api-1.0.jar:/opt/hadoop/share/hadoop/yarn/lib/jetty-plus-9.4.57.v20241219.jar:/opt/hadoop/share/hadoop/yarn/lib/jackson-module-jaxb-annotations-2.12.7.jar:/opt/hadoop/share/hadoop/yarn/lib/jsonschema2pojo-core-1.0.2.jar:/opt/hadoop/share/hadoop/yarn/lib/jline-3.9.0.jar:/opt/hadoop/share/hadoop/yarn/lib/jackson-jaxrs-json-provider-2.12.7.jar:/opt/hadoop/share/hadoop/yarn/lib/jersey-guice-1.19.4.jar:/opt/hadoop/share/hadoop/yarn/lib/istack-commons-runtime-3.0.7.jar:/opt/hadoop/share/hadoop/yarn/lib/jetty-annotations-9.4.57.v20241219.jar:/opt/hadoop/share/hadoop/yarn/lib/guice-servlet-4.2.3.jar:/opt/hadoop/share/hadoop/yarn/lib/asm-commons-9.7.1.jar:/opt/hadoop/share/hadoop/yarn/lib/jakarta.xml.bind-api-2.3.2.jar:/opt/hadoop/share/hadoop/yarn/lib/mssql-jdbc-6.2.1.jre7.jar:/opt/hadoop/share/hadoop/yarn/lib/jetty-client-9.4.57.v20241219.jar:/opt/hadoop/share/hadoop/yarn/lib/javax-websocket-client-impl-9.4.57.v20241219.jar:/opt/hadoop/share/hadoop/yarn/lib/websocket-client-9.4.57.v20241219.jar:/opt/hadoop/share/hadoop/yarn/lib/jackson-jaxrs-base-2.12.7.jar:/opt/hadoop/share/hadoop/yarn/lib/jersey-client-1.19.4.jar:/opt/hadoop/share/hadoop/yarn/lib/asm-tree-9.7.1.jar:/opt/hadoop/share/hadoop/yarn/lib/fst-2.50.jar:/opt/hadoop/share/hadoop/yarn/lib/stax-ex-1.8.jar:/opt/hadoop/share/hadoop/yarn/lib/FastInfoset-1.2.15.jar:/opt/hadoop/share/hadoop/yarn/lib/websocket-servlet-9.4.57.v20241219.jar:/opt/hadoop/share/hadoop/yarn/lib/javax.websocket-api-1.0.jar:/opt/hadoop/share/hadoop/yarn/lib/jna-5.2.0.jar:/opt/hadoop/share/hadoop/yarn/lib/snakeyaml-2.0.jar:/opt/hadoop/share/hadoop/yarn/lib/websocket-api-9.4.57.v20241219.jar:/opt/hadoop/share/hadoop/yarn/lib/commons-lang-2.6.jar:/opt/hadoop/share/hadoop/yarn/lib/codemodel-2.6.jar:/opt/hadoop/share/hadoop/yarn/lib/jetty-jndi-9.4.57.v20241219.jar:/opt/hadoop/share/hadoop/yarn/lib/swagger-annotations-1.5.4.jar:/opt/hadoop/share/hadoop/yarn/lib/websocket-common-9.4.57.v20241219.jar:/opt/hadoop/share/hadoop/yarn/lib/javax.inject-1.jar:/opt/hadoop/share/hadoop/yarn/lib/bcutil-jdk18on-1.82.jar:/opt/hadoop/share/hadoop/yarn/lib/javax-websocket-server-impl-9.4.57.v20241219.jar:/opt/hadoop/share/hadoop/yarn/hadoop-yarn-applications-mawo-core-3.4.3.jar:/opt/hadoop/share/hadoop/yarn/hadoop-yarn-server-tests-3.4.3.jar:/opt/hadoop/share/hadoop/yarn/hadoop-yarn-applications-distributedshell-3.4.3.jar:/opt/hadoop/share/hadoop/yarn/hadoop-yarn-server-resourcemanager-3.4.3.jar:/opt/hadoop/share/hadoop/yarn/hadoop-yarn-applications-unmanaged-am-launcher-3.4.3.jar:/opt/hadoop/share/hadoop/yarn/hadoop-yarn-registry-3.4.3.jar:/opt/hadoop/share/hadoop/yarn/hadoop-yarn-server-globalpolicygenerator-3.4.3.jar:/opt/hadoop/share/hadoop/yarn/hadoop-yarn-api-3.4.3.jar:/opt/hadoop/share/hadoop/yarn/hadoop-yarn-services-api-3.4.3.jar:/opt/hadoop/share/hadoop/yarn/hadoop-yarn-server-common-3.4.3.jar:/opt/hadoop/share/hadoop/yarn/hadoop-yarn-common-3.4.3.jar:/opt/hadoop/share/hadoop/yarn/hadoop-yarn-server-timeline-pluginstorage-3.4.3.jar:/opt/hadoop/share/hadoop/yarn/hadoop-yarn-server-web-proxy-3.4.3.jar:/opt/hadoop/share/hadoop/yarn/hadoop-yarn-services-core-3.4.3.jar:/opt/hadoop/share/hadoop/yarn/hadoop-yarn-server-applicationhistoryservice-3.4.3.jar:/opt/hadoop/share/hadoop/yarn/hadoop-yarn-client-3.4.3.jar:/opt/hadoop/share/hadoop/yarn/hadoop-yarn-server-sharedcachemanager-3.4.3.jar:/opt/hadoop/share/hadoop/yarn/hadoop-yarn-server-router-3.4.3.jar:/opt/hadoop/share/hadoop/yarn/hadoop-yarn-server-nodemanager-3.4.3.jar
STARTUP_MSG:   build = https://github.com/apache/hadoop.git -r 9d50c6884666e794e45102260a4017bb31802e1b; compiled by 'stevel' on 2026-02-13T14:23Z
STARTUP_MSG:   java = 11.0.30
************************************************************/
2026-04-12 10:31:26 INFO  SecondaryNameNode:91 - registered UNIX signal handlers for [TERM, HUP, INT]
2026-04-12 10:31:26 INFO  FSEditLog:238 - Edit logging is async:true
2026-04-12 10:31:26 INFO  Storage:948 - Lock on /tmp/hadoop-alex/dfs/namesecondary/in_use.lock acquired by nodename 638@hadoop
2026-04-12 10:31:26 INFO  FSNamesystem:869 - KeyProvider: null
2026-04-12 10:31:26 INFO  FSNamesystem:142 - fsLock is fair: true
2026-04-12 10:31:26 INFO  FSNamesystem:160 - Detailed lock hold time metrics enabled: false
2026-04-12 10:31:26 INFO  FSNamesystem:904 - fsOwner                = alex (auth:SIMPLE)
2026-04-12 10:31:26 INFO  FSNamesystem:905 - supergroup             = supergroup
2026-04-12 10:31:26 INFO  FSNamesystem:906 - isPermissionEnabled    = true
2026-04-12 10:31:26 INFO  FSNamesystem:907 - isStoragePolicyEnabled = true
2026-04-12 10:31:26 INFO  FSNamesystem:918 - HA Enabled: false
2026-04-12 10:31:26 INFO  Util:428 - dfs.datanode.fileio.profiling.sampling.percentage set to 0. Disabling file IO profiling
2026-04-12 10:31:27 INFO  DatanodeManager:412 - Slow peers collection thread shutdown
2026-04-12 10:31:27 INFO  DatanodeManager:2182 - dfs.block.invalidate.limit : configured=1000, counted=60, effected=1000
2026-04-12 10:31:27 INFO  DatanodeManager:320 - dfs.namenode.datanode.registration.ip-hostname-check=true
2026-04-12 10:31:27 INFO  BlockManager:77 - dfs.namenode.startup.delay.block.deletion.sec is set to 000:00:00:00.000
2026-04-12 10:31:27 INFO  BlockManager:83 - The block deletion will start around 2026 Apr 12 10:31:27
2026-04-12 10:31:27 INFO  GSet:408 - Computing capacity for map BlocksMap
2026-04-12 10:31:27 INFO  GSet:409 - VM type       = 64-bit
2026-04-12 10:31:27 INFO  GSet:410 - 2.0% max memory 11.8 GB = 240.9 MB
2026-04-12 10:31:27 INFO  GSet:415 - capacity      = 2^25 = 33554432 entries
2026-04-12 10:31:27 INFO  BlockManager:5778 - Storage policy satisfier is disabled
2026-04-12 10:31:27 INFO  BlockManager:696 - dfs.block.access.token.enable = false
2026-04-12 10:31:27 INFO  BlockManagerSafeMode:656 - Using 1000 as SafeModeMonitor Interval
2026-04-12 10:31:27 INFO  BlockManagerSafeMode:161 - dfs.namenode.safemode.threshold-pct = 0.999
2026-04-12 10:31:27 INFO  BlockManagerSafeMode:162 - dfs.namenode.safemode.min.datanodes = 0
2026-04-12 10:31:27 INFO  BlockManagerSafeMode:164 - dfs.namenode.safemode.extension = 30000
2026-04-12 10:31:27 INFO  BlockManager:682 - defaultReplication         = 1
2026-04-12 10:31:27 INFO  BlockManager:683 - maxReplication             = 512
2026-04-12 10:31:27 INFO  BlockManager:684 - minReplication             = 1
2026-04-12 10:31:27 INFO  BlockManager:685 - maxReplicationStreams      = 2
2026-04-12 10:31:27 INFO  BlockManager:686 - redundancyRecheckInterval  = 3000ms
2026-04-12 10:31:27 INFO  BlockManager:687 - encryptDataTransfer        = false
2026-04-12 10:31:27 INFO  BlockManager:688 - maxNumBlocksToLog          = 1000
2026-04-12 10:31:27 INFO  FSDirectory:51 - GLOBAL serial map: bits=29 maxEntries=536870911
2026-04-12 10:31:27 INFO  FSDirectory:51 - USER serial map: bits=24 maxEntries=16777215
2026-04-12 10:31:27 INFO  FSDirectory:51 - GROUP serial map: bits=24 maxEntries=16777215
2026-04-12 10:31:27 INFO  FSDirectory:51 - XATTR serial map: bits=24 maxEntries=16777215
2026-04-12 10:31:27 INFO  GSet:408 - Computing capacity for map INodeMap
2026-04-12 10:31:27 INFO  GSet:409 - VM type       = 64-bit
2026-04-12 10:31:27 INFO  GSet:410 - 1.0% max memory 11.8 GB = 120.4 MB
2026-04-12 10:31:27 INFO  GSet:415 - capacity      = 2^24 = 16777216 entries
2026-04-12 10:31:27 INFO  FSDirectory:339 - ACLs enabled? true
2026-04-12 10:31:27 INFO  FSDirectory:343 - POSIX ACL inheritance enabled? true
2026-04-12 10:31:27 INFO  FSDirectory:347 - XAttrs enabled? true
2026-04-12 10:31:27 INFO  NameNode:414 - Caching file names occurring more than 10 times
2026-04-12 10:31:27 INFO  SnapshotManager:163 - Loaded config captureOpenFiles: false, skipCaptureAccessTimeOnlyChange: false, snapshotDiffAllowSnapRootDescendant: true, maxSnapshotFSLimit: 65536, maxSnapshotLimit: 65536
2026-04-12 10:31:27 INFO  SnapshotManager:176 - dfs.namenode.snapshot.deletion.ordered = false
2026-04-12 10:31:27 INFO  SnapshotManager:43 - SkipList is disabled
2026-04-12 10:31:27 INFO  GSet:408 - Computing capacity for map cachedBlocks
2026-04-12 10:31:27 INFO  GSet:409 - VM type       = 64-bit
2026-04-12 10:31:27 INFO  GSet:410 - 0.25% max memory 11.8 GB = 30.1 MB
2026-04-12 10:31:27 INFO  GSet:415 - capacity      = 2^22 = 4194304 entries
2026-04-12 10:31:27 INFO  TopMetrics:76 - NNTop conf: dfs.namenode.top.window.num.buckets = 10
2026-04-12 10:31:27 INFO  TopMetrics:78 - NNTop conf: dfs.namenode.top.num.users = 10
2026-04-12 10:31:27 INFO  TopMetrics:80 - NNTop conf: dfs.namenode.top.windows.minutes = 1,5,25
2026-04-12 10:31:27 INFO  SecondaryNameNode:261 - Checkpoint Period   :3600 secs (60 min)
2026-04-12 10:31:27 INFO  SecondaryNameNode:263 - Log Size Trigger    :1000000 txns
2026-04-12 10:31:27 INFO  DFSUtil:1771 - Filter initializers set : org.apache.hadoop.http.lib.StaticUserWebFilter,org.apache.hadoop.hdfs.web.AuthFilterInitializer
2026-04-12 10:31:27 INFO  DFSUtil:1793 - Starting Web-server for secondary at: http://0.0.0.0:9868
2026-04-12 10:31:27 INFO  log:170 - Logging initialized @1803ms to org.eclipse.jetty.util.log.Slf4jLog
2026-04-12 10:31:27 WARN  AuthenticationFilter:240 - Unable to initialize FileSignerSecretProvider, falling back to use random secrets. Reason: Could not read signature secret file: /home/alex/hadoop-http-auth-signature-secret
2026-04-12 10:31:27 INFO  HttpServer2:1220 - Added global filter 'safety' (class=org.apache.hadoop.http.HttpServer2$QuotingInputFilter)
2026-04-12 10:31:27 INFO  HttpServer2:1193 - Added filter static_user_filter (class=org.apache.hadoop.http.lib.StaticUserWebFilter$StaticUserFilter) to context secondary
2026-04-12 10:31:27 INFO  HttpServer2:1203 - Added filter static_user_filter (class=org.apache.hadoop.http.lib.StaticUserWebFilter$StaticUserFilter) to context logs
2026-04-12 10:31:27 INFO  HttpServer2:1203 - Added filter static_user_filter (class=org.apache.hadoop.http.lib.StaticUserWebFilter$StaticUserFilter) to context static
2026-04-12 10:31:27 INFO  HttpServer2:1193 - Added filter AuthFilter (class=org.apache.hadoop.hdfs.web.AuthFilter) to context secondary
2026-04-12 10:31:27 INFO  HttpServer2:1203 - Added filter AuthFilter (class=org.apache.hadoop.hdfs.web.AuthFilter) to context logs
2026-04-12 10:31:27 INFO  HttpServer2:1203 - Added filter AuthFilter (class=org.apache.hadoop.hdfs.web.AuthFilter) to context static
2026-04-12 10:31:27 INFO  HttpServer2:828 - ASYNC_PROFILER_HOME environment variable and async.profiler.home system property not specified. Disabling /prof endpoint.
2026-04-12 10:31:27 INFO  HttpServer2:1467 - Jetty bound to port 9868
2026-04-12 10:31:27 INFO  Server:375 - jetty-9.4.57.v20241219; built: 2025-01-08T21:24:30.412Z; git: df524e6b29271c2e09ba9aea83c18dc9db464a31; jvm 11.0.30+7-post-Ubuntu-1ubuntu122.04
2026-04-12 10:31:27 INFO  session:334 - DefaultSessionIdManager workerName=node0
2026-04-12 10:31:27 INFO  session:339 - No SessionScavenger set, using defaults
2026-04-12 10:31:27 INFO  session:132 - node0 Scavenging every 660000ms
2026-04-12 10:31:27 WARN  AuthenticationFilter:240 - Unable to initialize FileSignerSecretProvider, falling back to use random secrets. Reason: Could not read signature secret file: /home/alex/hadoop-http-auth-signature-secret
2026-04-12 10:31:27 INFO  ContextHandler:921 - Started o.e.j.s.ServletContextHandler@58112bc4{logs,/logs,file:///opt/hadoop/logs/,AVAILABLE}
2026-04-12 10:31:27 INFO  ContextHandler:921 - Started o.e.j.s.ServletContextHandler@6a84bc3f{static,/static,file:///opt/hadoop/share/hadoop/hdfs/webapps/static/,AVAILABLE}
real-time non-blocking time  (microseconds, -R) unlimited
core file size              (blocks, -c) unlimited
data seg size               (kbytes, -d) unlimited
scheduling priority                 (-e) 0
file size                   (blocks, -f) unlimited
pending signals                     (-i) 192474
max locked memory           (kbytes, -l) 8192
max memory size             (kbytes, -m) unlimited
open files                          (-n) 1024
pipe size                (512 bytes, -p) 8
POSIX message queues         (bytes, -q) 819200
real-time priority                  (-r) 0
stack size                  (kbytes, -s) 8192
cpu time                   (seconds, -t) unlimited
max user processes                  (-u) unlimited
virtual memory              (kbytes, -v) unlimited
file locks                          (-x) unlimited
2026-04-12 10:31:27 INFO  ContextHandler:921 - Started o.e.j.w.WebAppContext@3ec2ecea{secondary,/,file:///opt/hadoop/share/hadoop/hdfs/webapps/secondary/,AVAILABLE}{file:/opt/hadoop/share/hadoop/hdfs/webapps/secondary}
2026-04-12 10:31:27 INFO  AbstractConnector:333 - Started ServerConnector@66f659e6{HTTP/1.1, (http/1.1)}{0.0.0.0:9868}
2026-04-12 10:31:27 INFO  Server:415 - Started @2039ms
2026-04-12 10:31:27 INFO  SecondaryNameNode:500 - Web server init done
2026-04-12 10:32:27 INFO  SecondaryNameNode:421 - Image has changed. Downloading updated image from NN.
2026-04-12 10:32:27 INFO  TransferFsImage:435 - Opening connection to http://hadoop:9870/imagetransfer?getimage=1&txid=21&storageInfo=-67:1400962030:1775981160124:CID-d936b8cb-3f42-4c8e-91f9-9076f47ffa71&bootstrapstandby=false
2026-04-12 10:32:28 INFO  Util:319 - Combined time for file download and fsync to all disks took 0.00s. The file download took 0.00s at 0.00 KB/s. Synchronous (fsync) write to disk of /tmp/hadoop-alex/dfs/namesecondary/current/fsimage.ckpt_0000000000000000021 took 0.00s.
2026-04-12 10:32:28 INFO  TransferFsImage:124 - Downloaded file fsimage.ckpt_0000000000000000021 size 399 bytes.
2026-04-12 10:32:28 INFO  TransferFsImage:435 - Opening connection to http://hadoop:9870/imagetransfer?getedit=1&startTxId=22&endTxId=23&storageInfo=-67:1400962030:1775981160124:CID-d936b8cb-3f42-4c8e-91f9-9076f47ffa71
2026-04-12 10:32:28 INFO  Util:319 - Combined time for file download and fsync to all disks took 0.00s. The file download took 0.00s at 512000.00 KB/s. Synchronous (fsync) write to disk of /tmp/hadoop-alex/dfs/namesecondary/current/edits_tmp_0000000000000000022-0000000000000000023_0000000001331097291 took 0.00s.
2026-04-12 10:32:28 INFO  TransferFsImage:177 - Downloaded file edits_tmp_0000000000000000022-0000000000000000023_0000000001331097291 size 0 bytes.
2026-04-12 10:32:28 INFO  TransferFsImage:435 - Opening connection to http://hadoop:9870/imagetransfer?getedit=1&startTxId=24&endTxId=25&storageInfo=-67:1400962030:1775981160124:CID-d936b8cb-3f42-4c8e-91f9-9076f47ffa71
2026-04-12 10:32:28 INFO  Util:319 - Combined time for file download and fsync to all disks took 0.00s. The file download took 0.00s at 0.00 KB/s. Synchronous (fsync) write to disk of /tmp/hadoop-alex/dfs/namesecondary/current/edits_tmp_0000000000000000024-0000000000000000025_0000000001331097301 took 0.00s.
2026-04-12 10:32:28 INFO  TransferFsImage:177 - Downloaded file edits_tmp_0000000000000000024-0000000000000000025_0000000001331097301 size 0 bytes.
2026-04-12 10:32:28 INFO  TransferFsImage:435 - Opening connection to http://hadoop:9870/imagetransfer?getedit=1&startTxId=26&endTxId=26&storageInfo=-67:1400962030:1775981160124:CID-d936b8cb-3f42-4c8e-91f9-9076f47ffa71
2026-04-12 10:32:28 INFO  Util:319 - Combined time for file download and fsync to all disks took 0.01s. The file download took 0.00s at 341333.33 KB/s. Synchronous (fsync) write to disk of /tmp/hadoop-alex/dfs/namesecondary/current/edits_tmp_0000000000000000026-0000000000000000026_0000000001331097306 took 0.00s.
2026-04-12 10:32:28 INFO  TransferFsImage:177 - Downloaded file edits_tmp_0000000000000000026-0000000000000000026_0000000001331097306 size 0 bytes.
2026-04-12 10:32:28 INFO  TransferFsImage:435 - Opening connection to http://hadoop:9870/imagetransfer?getedit=1&startTxId=27&endTxId=28&storageInfo=-67:1400962030:1775981160124:CID-d936b8cb-3f42-4c8e-91f9-9076f47ffa71
2026-04-12 10:32:28 INFO  Util:319 - Combined time for file download and fsync to all disks took 0.00s. The file download took 0.00s at 0.00 KB/s. Synchronous (fsync) write to disk of /tmp/hadoop-alex/dfs/namesecondary/current/edits_tmp_0000000000000000027-0000000000000000028_0000000001331097314 took 0.00s.
2026-04-12 10:32:28 INFO  TransferFsImage:177 - Downloaded file edits_tmp_0000000000000000027-0000000000000000028_0000000001331097314 size 0 bytes.
2026-04-12 10:32:28 INFO  FSImageFormatPBINode:411 - Loading 1 INodes.
2026-04-12 10:32:28 INFO  FSImageFormatPBINode:369 - Successfully loaded 1 inodes
2026-04-12 10:32:28 INFO  FSImageFormatPBINode:342 - Completed update blocks map and name cache, total waiting duration 0ms.
2026-04-12 10:32:28 INFO  FSImageFormatProtobuf:255 - Loaded FSImage in 0 seconds.
2026-04-12 10:32:28 INFO  FSImage:981 - Loaded image for txid 21 from /tmp/hadoop-alex/dfs/namesecondary/current/fsimage_0000000000000000021
2026-04-12 10:32:28 INFO  NameCache:143 - initialized with 0 entries 0 lookups
2026-04-12 10:32:28 INFO  Checkpointer:322 - Checkpointer about to load edits from 4 stream(s).
2026-04-12 10:32:28 INFO  FSImage:914 - Reading EditLogFileInputStream{log=/tmp/hadoop-alex/dfs/namesecondary/current/edits_0000000000000000022-0000000000000000023, firstTxId=22, lastTxId=23, isInProgress=true, maxOpSize=52428800, state=UNINIT, logVersion=0} expecting start txid #22
2026-04-12 10:32:28 INFO  FSImage:179 - Start loading edits file /tmp/hadoop-alex/dfs/namesecondary/current/edits_0000000000000000022-0000000000000000023 maxTxnsToRead = 9223372036854775807
2026-04-12 10:32:28 INFO  FSImage:189 - Loaded 1 edits file(s) (the last named /tmp/hadoop-alex/dfs/namesecondary/current/edits_0000000000000000022-0000000000000000023) of total size 1048576.0, total edits 2.0, total load time 34.0 ms
2026-04-12 10:32:28 INFO  FSImageFormatProtobuf:732 - Saving image file /tmp/hadoop-alex/dfs/namesecondary/current/fsimage.ckpt_0000000000000000028 using no compression
2026-04-12 10:32:28 INFO  FSImageFormatProtobuf:736 - Image file /tmp/hadoop-alex/dfs/namesecondary/current/fsimage.ckpt_0000000000000000028 of size 503 bytes saved in 0 seconds .
2026-04-12 10:32:28 INFO  FSImageTransactionalStorageInspector:79 - No version file in /tmp/hadoop-alex/dfs/namesecondary
2026-04-12 10:32:28 INFO  FSImageTransactionalStorageInspector:79 - No version file in /tmp/hadoop-alex/dfs/namesecondary
2026-04-12 10:32:28 INFO  TransferFsImage:455 - Image Transfer timeout configured to 60000 milliseconds
2026-04-12 10:32:28 INFO  TransferFsImage:416 - Sending fileName: /tmp/hadoop-alex/dfs/namesecondary/current/fsimage_0000000000000000028, fileSize: 503. Sent total: 503 bytes. Size of last segment intended to send: -1 bytes.
2026-04-12 10:32:28 INFO  TransferFsImage:260 - Uploaded image with txid 28 to namenode at http://hadoop:9870 in 0.032 seconds
2026-04-12 10:32:28 WARN  SecondaryNameNode:585 - Checkpoint done. New Image Size: 503
2026-04-12 11:32:28 INFO  SecondaryNameNode:419 - Image has not changed. Will not download image.
2026-04-12 11:32:28 INFO  TransferFsImage:435 - Opening connection to http://hadoop:9870/imagetransfer?getedit=1&startTxId=29&endTxId=37&storageInfo=-67:1400962030:1775981160124:CID-d936b8cb-3f42-4c8e-91f9-9076f47ffa71
2026-04-12 11:32:28 INFO  Util:319 - Combined time for file download and fsync to all disks took 0.00s. The file download took 0.00s at 0.00 KB/s. Synchronous (fsync) write to disk of /tmp/hadoop-alex/dfs/namesecondary/current/edits_tmp_0000000000000000029-0000000000000000037_0000000001334697973 took 0.00s.
2026-04-12 11:32:28 INFO  TransferFsImage:177 - Downloaded file edits_tmp_0000000000000000029-0000000000000000037_0000000001334697973 size 0 bytes.
2026-04-12 11:32:28 INFO  Checkpointer:322 - Checkpointer about to load edits from 1 stream(s).
2026-04-12 11:32:28 INFO  FSImage:914 - Reading EditLogFileInputStream{log=/tmp/hadoop-alex/dfs/namesecondary/current/edits_0000000000000000029-0000000000000000037, firstTxId=29, lastTxId=37, isInProgress=true, maxOpSize=52428800, state=UNINIT, logVersion=0} expecting start txid #29; suppressed logging for 3 edit reads
2026-04-12 11:32:28 INFO  FSImage:179 - Start loading edits file /tmp/hadoop-alex/dfs/namesecondary/current/edits_0000000000000000029-0000000000000000037 maxTxnsToRead = 9223372036854775807 (suppressed logging 3 times)
2026-04-12 11:32:28 INFO  FSImage:189 - Loaded 4 edits file(s) (the last named /tmp/hadoop-alex/dfs/namesecondary/current/edits_0000000000000000029-0000000000000000037) of total size 1049361.0, total edits 14.0, total load time 28.0 ms
2026-04-12 11:32:28 INFO  FSImageFormatProtobuf:732 - Saving image file /tmp/hadoop-alex/dfs/namesecondary/current/fsimage.ckpt_0000000000000000037 using no compression
2026-04-12 11:32:28 INFO  FSImageFormatProtobuf:736 - Image file /tmp/hadoop-alex/dfs/namesecondary/current/fsimage.ckpt_0000000000000000037 of size 503 bytes saved in 0 seconds .
2026-04-12 11:32:28 INFO  NNStorageRetentionManager:205 - Going to retain 2 images with txid >= 28
2026-04-12 11:32:28 INFO  NNStorageRetentionManager:227 - Purging old image FSImageFile(file=/tmp/hadoop-alex/dfs/namesecondary/current/fsimage_0000000000000000021, cpktTxId=0000000000000000021)
2026-04-12 11:32:28 INFO  TransferFsImage:416 - Sending fileName: /tmp/hadoop-alex/dfs/namesecondary/current/fsimage_0000000000000000037, fileSize: 503. Sent total: 503 bytes. Size of last segment intended to send: -1 bytes.
2026-04-12 11:32:28 INFO  TransferFsImage:260 - Uploaded image with txid 37 to namenode at http://hadoop:9870 in 0.012 seconds
2026-04-12 11:32:28 WARN  SecondaryNameNode:585 - Checkpoint done. New Image Size: 503
2026-04-12 12:32:29 INFO  SecondaryNameNode:419 - Image has not changed. Will not download image.
2026-04-12 12:32:29 INFO  TransferFsImage:435 - Opening connection to http://hadoop:9870/imagetransfer?getedit=1&startTxId=38&endTxId=39&storageInfo=-67:1400962030:1775981160124:CID-d936b8cb-3f42-4c8e-91f9-9076f47ffa71
2026-04-12 12:32:29 INFO  Util:319 - Combined time for file download and fsync to all disks took 0.00s. The file download took 0.00s at 0.00 KB/s. Synchronous (fsync) write to disk of /tmp/hadoop-alex/dfs/namesecondary/current/edits_tmp_0000000000000000038-0000000000000000039_0000000001338298338 took 0.00s.
2026-04-12 12:32:29 INFO  TransferFsImage:177 - Downloaded file edits_tmp_0000000000000000038-0000000000000000039_0000000001338298338 size 0 bytes.
2026-04-12 12:32:29 INFO  Checkpointer:322 - Checkpointer about to load edits from 1 stream(s).
2026-04-12 12:32:29 INFO  FSImage:914 - Reading EditLogFileInputStream{log=/tmp/hadoop-alex/dfs/namesecondary/current/edits_0000000000000000038-0000000000000000039, firstTxId=38, lastTxId=39, isInProgress=true, maxOpSize=52428800, state=UNINIT, logVersion=0} expecting start txid #38
2026-04-12 12:32:29 INFO  FSImage:179 - Start loading edits file /tmp/hadoop-alex/dfs/namesecondary/current/edits_0000000000000000038-0000000000000000039 maxTxnsToRead = 9223372036854775807
2026-04-12 12:32:29 INFO  FSImage:189 - Loaded 1 edits file(s) (the last named /tmp/hadoop-alex/dfs/namesecondary/current/edits_0000000000000000038-0000000000000000039) of total size 42.0, total edits 2.0, total load time 0.0 ms
2026-04-12 12:32:29 INFO  FSImageFormatProtobuf:732 - Saving image file /tmp/hadoop-alex/dfs/namesecondary/current/fsimage.ckpt_0000000000000000039 using no compression
2026-04-12 12:32:29 INFO  FSImageFormatProtobuf:736 - Image file /tmp/hadoop-alex/dfs/namesecondary/current/fsimage.ckpt_0000000000000000039 of size 503 bytes saved in 0 seconds .
2026-04-12 12:32:29 INFO  NNStorageRetentionManager:205 - Going to retain 2 images with txid >= 37
2026-04-12 12:32:29 INFO  NNStorageRetentionManager:227 - Purging old image FSImageFile(file=/tmp/hadoop-alex/dfs/namesecondary/current/fsimage_0000000000000000028, cpktTxId=0000000000000000028)
2026-04-12 12:32:29 INFO  TransferFsImage:416 - Sending fileName: /tmp/hadoop-alex/dfs/namesecondary/current/fsimage_0000000000000000039, fileSize: 503. Sent total: 503 bytes. Size of last segment intended to send: -1 bytes.
2026-04-12 12:32:29 INFO  TransferFsImage:260 - Uploaded image with txid 39 to namenode at http://hadoop:9870 in 0.009 seconds
2026-04-12 12:32:29 WARN  SecondaryNameNode:585 - Checkpoint done. New Image Size: 503
2026-04-12 13:32:29 INFO  SecondaryNameNode:419 - Image has not changed. Will not download image.
2026-04-12 13:32:29 INFO  TransferFsImage:435 - Opening connection to http://hadoop:9870/imagetransfer?getedit=1&startTxId=40&endTxId=41&storageInfo=-67:1400962030:1775981160124:CID-d936b8cb-3f42-4c8e-91f9-9076f47ffa71
2026-04-12 13:32:29 INFO  Util:319 - Combined time for file download and fsync to all disks took 0.01s. The file download took 0.00s at 0.00 KB/s. Synchronous (fsync) write to disk of /tmp/hadoop-alex/dfs/namesecondary/current/edits_tmp_0000000000000000040-0000000000000000041_0000000001341898645 took 0.01s.
2026-04-12 13:32:29 INFO  TransferFsImage:177 - Downloaded file edits_tmp_0000000000000000040-0000000000000000041_0000000001341898645 size 0 bytes.
2026-04-12 13:32:29 INFO  Checkpointer:322 - Checkpointer about to load edits from 1 stream(s).
2026-04-12 13:32:29 INFO  FSImage:914 - Reading EditLogFileInputStream{log=/tmp/hadoop-alex/dfs/namesecondary/current/edits_0000000000000000040-0000000000000000041, firstTxId=40, lastTxId=41, isInProgress=true, maxOpSize=52428800, state=UNINIT, logVersion=0} expecting start txid #40
2026-04-12 13:32:29 INFO  FSImage:179 - Start loading edits file /tmp/hadoop-alex/dfs/namesecondary/current/edits_0000000000000000040-0000000000000000041 maxTxnsToRead = 9223372036854775807
2026-04-12 13:32:29 INFO  FSImage:189 - Loaded 1 edits file(s) (the last named /tmp/hadoop-alex/dfs/namesecondary/current/edits_0000000000000000040-0000000000000000041) of total size 42.0, total edits 2.0, total load time 1.0 ms
2026-04-12 13:32:29 INFO  FSImageFormatProtobuf:732 - Saving image file /tmp/hadoop-alex/dfs/namesecondary/current/fsimage.ckpt_0000000000000000041 using no compression
2026-04-12 13:32:29 INFO  FSImageFormatProtobuf:736 - Image file /tmp/hadoop-alex/dfs/namesecondary/current/fsimage.ckpt_0000000000000000041 of size 503 bytes saved in 0 seconds .
2026-04-12 13:32:29 INFO  NNStorageRetentionManager:205 - Going to retain 2 images with txid >= 39
2026-04-12 13:32:29 INFO  NNStorageRetentionManager:227 - Purging old image FSImageFile(file=/tmp/hadoop-alex/dfs/namesecondary/current/fsimage_0000000000000000037, cpktTxId=0000000000000000037)
2026-04-12 13:32:29 INFO  TransferFsImage:416 - Sending fileName: /tmp/hadoop-alex/dfs/namesecondary/current/fsimage_0000000000000000041, fileSize: 503. Sent total: 503 bytes. Size of last segment intended to send: -1 bytes.
2026-04-12 13:32:29 INFO  TransferFsImage:260 - Uploaded image with txid 41 to namenode at http://hadoop:9870 in 0.011 seconds
2026-04-12 13:32:29 WARN  SecondaryNameNode:585 - Checkpoint done. New Image Size: 503
