2026-04-12 10:31:32 INFO  NodeManager:809 - STARTUP_MSG: 
/************************************************************
STARTUP_MSG: Starting NodeManager
STARTUP_MSG:   host = hadoop/172.22.0.2
STARTUP_MSG:   args = []
STARTUP_MSG:   version = 3.4.3
STARTUP_MSG:   classpath = /opt/hadoop/etc/hadoop:/opt/hadoop/share/hadoop/yarn/timelineservice/lib/opentelemetry-api-1.15.0.jar:/opt/hadoop/share/hadoop/yarn/timelineservice/lib/hbase-client-2.5.8-hadoop3.jar:/opt/hadoop/share/hadoop/yarn/timelineservice/lib/azure-cosmosdb-direct-2.4.5.jar:/opt/hadoop/share/hadoop/yarn/timelineservice/lib/rxjava-1.3.8.jar:/opt/hadoop/share/hadoop/yarn/timelineservice/lib/commons-beanutils-1.9.2.jar:/opt/hadoop/share/hadoop/yarn/timelineservice/lib/hbase-shaded-netty-4.1.5.jar:/opt/hadoop/share/hadoop/yarn/timelineservice/lib/hbase-metrics-api-2.5.8-hadoop3.jar:/opt/hadoop/share/hadoop/yarn/timelineservice/lib/jcodings-1.0.13.jar:/opt/hadoop/share/hadoop/yarn/timelineservice/lib/hbase-protocol-2.5.8-hadoop3.jar:/opt/hadoop/share/hadoop/yarn/timelineservice/lib/hbase-common-2.5.8-hadoop3.jar:/opt/hadoop/share/hadoop/yarn/timelineservice/lib/hbase-metrics-2.5.8-hadoop3.jar:/opt/hadoop/share/hadoop/yarn/timelineservice/lib/commons-digester-1.8.1.jar:/opt/hadoop/share/hadoop/yarn/timelineservice/lib/rxnetty-0.4.20.jar:/opt/hadoop/share/hadoop/yarn/timelineservice/lib/rxjava-string-1.1.1.jar:/opt/hadoop/share/hadoop/yarn/timelineservice/lib/java-uuid-generator-3.1.4.jar:/opt/hadoop/share/hadoop/yarn/timelineservice/lib/hbase-logging-2.5.8-hadoop3.jar:/opt/hadoop/share/hadoop/yarn/timelineservice/lib/error_prone_annotations-2.21.1.jar:/opt/hadoop/share/hadoop/yarn/timelineservice/lib/azure-cosmosdb-commons-2.4.5.jar:/opt/hadoop/share/hadoop/yarn/timelineservice/lib/hbase-shaded-miscellaneous-4.1.5.jar:/opt/hadoop/share/hadoop/yarn/timelineservice/lib/joni-2.1.31.jar:/opt/hadoop/share/hadoop/yarn/timelineservice/lib/rxjava-extras-0.8.0.17.jar:/opt/hadoop/share/hadoop/yarn/timelineservice/lib/opentelemetry-context-1.15.0.jar:/opt/hadoop/share/hadoop/yarn/timelineservice/lib/commons-csv-1.9.0.jar:/opt/hadoop/share/hadoop/yarn/timelineservice/lib/hbase-shaded-gson-4.1.5.jar:/opt/hadoop/share/hadoop/yarn/timelineservice/lib/hbase-unsafe-4.1.5.jar:/opt/hadoop/share/hadoop/yarn/timelineservice/lib/commons-validator-1.6.jar:/opt/hadoop/share/hadoop/yarn/timelineservice/lib/azure-cosmosdb-2.4.5.jar:/opt/hadoop/share/hadoop/yarn/timelineservice/lib/opentelemetry-semconv-1.15.0-alpha.jar:/opt/hadoop/share/hadoop/yarn/timelineservice/lib/azure-cosmosdb-gateway-2.4.5.jar:/opt/hadoop/share/hadoop/yarn/timelineservice/lib/hbase-hadoop-compat-2.5.8-hadoop3.jar:/opt/hadoop/share/hadoop/yarn/timelineservice/lib/hbase-shaded-protobuf-4.1.5.jar:/opt/hadoop/share/hadoop/yarn/timelineservice/lib/hbase-hadoop2-compat-2.5.8-hadoop3.jar:/opt/hadoop/share/hadoop/yarn/timelineservice/lib/commons-crypto-1.1.0.jar:/opt/hadoop/share/hadoop/yarn/timelineservice/lib/hbase-protocol-shaded-2.5.8-hadoop3.jar:/opt/hadoop/share/hadoop/common/lib/netty-transport-classes-epoll-4.1.127.Final.jar:/opt/hadoop/share/hadoop/common/lib/commons-cli-1.9.0.jar:/opt/hadoop/share/hadoop/common/lib/jsr311-api-1.1.1.jar:/opt/hadoop/share/hadoop/common/lib/snappy-java-1.1.10.4.jar:/opt/hadoop/share/hadoop/common/lib/commons-logging-1.3.0.jar:/opt/hadoop/share/hadoop/common/lib/hadoop-shaded-protobuf_3_25-1.5.0.jar:/opt/hadoop/share/hadoop/common/lib/jsp-api-2.1.jar:/opt/hadoop/share/hadoop/common/lib/hadoop-auth-3.4.3.jar:/opt/hadoop/share/hadoop/common/lib/netty-transport-rxtx-4.1.127.Final.jar:/opt/hadoop/share/hadoop/common/lib/httpcore-4.4.13.jar:/opt/hadoop/share/hadoop/common/lib/hadoop-shaded-guava-1.5.0.jar:/opt/hadoop/share/hadoop/common/lib/jetty-http-9.4.57.v20241219.jar:/opt/hadoop/share/hadoop/common/lib/jetty-security-9.4.57.v20241219.jar:/opt/hadoop/share/hadoop/common/lib/analyticsaccelerator-s3-1.3.1.jar:/opt/hadoop/share/hadoop/common/lib/netty-codec-xml-4.1.127.Final.jar:/opt/hadoop/share/hadoop/common/lib/azure-keyvault-core-1.0.0.jar:/opt/hadoop/share/hadoop/common/lib/commons-codec-1.15.jar:/opt/hadoop/share/hadoop/common/lib/jetty-util-9.4.57.v20241219.jar:/opt/hadoop/share/hadoop/common/lib/netty-common-4.1.127.Final.jar:/opt/hadoop/share/hadoop/common/lib/hadoop-huaweicloud-3.4.3.jar:/opt/hadoop/share/hadoop/common/lib/avro-1.11.4.jar:/opt/hadoop/share/hadoop/common/lib/kerb-core-2.0.3.jar:/opt/hadoop/share/hadoop/common/lib/hadoop-aws-3.4.3.jar:/opt/hadoop/share/hadoop/common/lib/jackson-annotations-2.12.7.jar:/opt/hadoop/share/hadoop/common/lib/netty-codec-dns-4.1.127.Final.jar:/opt/hadoop/share/hadoop/common/lib/jetty-io-9.4.57.v20241219.jar:/opt/hadoop/share/hadoop/common/lib/hadoop-annotations-3.4.3.jar:/opt/hadoop/share/hadoop/common/lib/kerby-asn1-2.0.3.jar:/opt/hadoop/share/hadoop/common/lib/jaxb-api-2.2.11.jar:/opt/hadoop/share/hadoop/common/lib/jetty-util-ajax-9.4.57.v20241219.jar:/opt/hadoop/share/hadoop/common/lib/zookeeper-jute-3.8.4.jar:/opt/hadoop/share/hadoop/common/lib/bcprov-jdk18on-1.82.jar:/opt/hadoop/share/hadoop/common/lib/netty-resolver-dns-native-macos-4.1.127.Final-osx-aarch_64.jar:/opt/hadoop/share/hadoop/common/lib/jetty-servlet-9.4.57.v20241219.jar:/opt/hadoop/share/hadoop/common/lib/j2objc-annotations-2.8.jar:/opt/hadoop/share/hadoop/common/lib/commons-lang3-3.18.0.jar:/opt/hadoop/share/hadoop/common/lib/netty-codec-redis-4.1.127.Final.jar:/opt/hadoop/share/hadoop/common/lib/netty-codec-stomp-4.1.127.Final.jar:/opt/hadoop/share/hadoop/common/lib/jakarta.activation-api-1.2.1.jar:/opt/hadoop/share/hadoop/common/lib/jaxb-impl-2.2.3-1.jar:/opt/hadoop/share/hadoop/common/lib/jsch-0.1.55.jar:/opt/hadoop/share/hadoop/common/lib/jetty-server-9.4.57.v20241219.jar:/opt/hadoop/share/hadoop/common/lib/commons-daemon-1.0.13.jar:/opt/hadoop/share/hadoop/common/lib/netty-transport-native-epoll-4.1.127.Final-linux-riscv64.jar:/opt/hadoop/share/hadoop/common/lib/netty-handler-ssl-ocsp-4.1.127.Final.jar:/opt/hadoop/share/hadoop/common/lib/jsr305-3.0.2.jar:/opt/hadoop/share/hadoop/common/lib/jetty-webapp-9.4.57.v20241219.jar:/opt/hadoop/share/hadoop/common/lib/failureaccess-1.0.1.jar:/opt/hadoop/share/hadoop/common/lib/netty-buffer-4.1.127.Final.jar:/opt/hadoop/share/hadoop/common/lib/kerb-crypto-2.0.3.jar:/opt/hadoop/share/hadoop/common/lib/netty-resolver-dns-4.1.127.Final.jar:/opt/hadoop/share/hadoop/common/lib/nimbus-jose-jwt-10.4.jar:/opt/hadoop/share/hadoop/common/lib/netty-codec-smtp-4.1.127.Final.jar:/opt/hadoop/share/hadoop/common/lib/netty-codec-memcache-4.1.127.Final.jar:/opt/hadoop/share/hadoop/common/lib/netty-codec-http-4.1.127.Final.jar:/opt/hadoop/share/hadoop/common/lib/slf4j-api-1.7.36.jar:/opt/hadoop/share/hadoop/common/lib/jersey-server-1.19.4.jar:/opt/hadoop/share/hadoop/common/lib/netty-handler-4.1.127.Final.jar:/opt/hadoop/share/hadoop/common/lib/woodstox-core-5.4.0.jar:/opt/hadoop/share/hadoop/common/lib/zookeeper-3.8.4.jar:/opt/hadoop/share/hadoop/common/lib/kerby-config-2.0.3.jar:/opt/hadoop/share/hadoop/common/lib/hadoop-cos-3.4.3.jar:/opt/hadoop/share/hadoop/common/lib/commons-net-3.9.0.jar:/opt/hadoop/share/hadoop/common/lib/re2j-1.1.jar:/opt/hadoop/share/hadoop/common/lib/netty-codec-socks-4.1.127.Final.jar:/opt/hadoop/share/hadoop/common/lib/wildfly-openssl-2.2.5.Final.jar:/opt/hadoop/share/hadoop/common/lib/audience-annotations-0.12.0.jar:/opt/hadoop/share/hadoop/common/lib/curator-recipes-5.2.0.jar:/opt/hadoop/share/hadoop/common/lib/hadoop-azure-datalake-3.4.3.jar:/opt/hadoop/share/hadoop/common/lib/netty-transport-sctp-4.1.127.Final.jar:/opt/hadoop/share/hadoop/common/lib/netty-codec-4.1.127.Final.jar:/opt/hadoop/share/hadoop/common/lib/netty-codec-haproxy-4.1.127.Final.jar:/opt/hadoop/share/hadoop/common/lib/jackson-core-2.12.7.jar:/opt/hadoop/share/hadoop/common/lib/commons-configuration2-2.10.1.jar:/opt/hadoop/share/hadoop/common/lib/netty-resolver-dns-classes-macos-4.1.127.Final.jar:/opt/hadoop/share/hadoop/common/lib/commons-io-2.16.1.jar:/opt/hadoop/share/hadoop/common/lib/curator-client-5.2.0.jar:/opt/hadoop/share/hadoop/common/lib/jul-to-slf4j-1.7.36.jar:/opt/hadoop/share/hadoop/common/lib/commons-text-1.14.0.jar:/opt/hadoop/share/hadoop/common/lib/netty-resolver-dns-native-macos-4.1.127.Final-osx-x86_64.jar:/opt/hadoop/share/hadoop/common/lib/metrics-core-3.2.4.jar:/opt/hadoop/share/hadoop/common/lib/netty-transport-native-unix-common-4.1.127.Final.jar:/opt/hadoop/share/hadoop/common/lib/httpclient-4.5.13.jar:/opt/hadoop/share/hadoop/common/lib/jersey-core-1.19.4.jar:/opt/hadoop/share/hadoop/common/lib/jackson-databind-2.12.7.1.jar:/opt/hadoop/share/hadoop/common/lib/listenablefuture-9999.0-empty-to-avoid-conflict-with-guava.jar:/opt/hadoop/share/hadoop/common/lib/commons-math3-3.6.1.jar:/opt/hadoop/share/hadoop/common/lib/jetty-xml-9.4.57.v20241219.jar:/opt/hadoop/share/hadoop/common/lib/slf4j-reload4j-1.7.36.jar:/opt/hadoop/share/hadoop/common/lib/commons-compress-1.26.1.jar:/opt/hadoop/share/hadoop/common/lib/netty-codec-http2-4.1.127.Final.jar:/opt/hadoop/share/hadoop/common/lib/netty-transport-native-kqueue-4.1.127.Final-osx-x86_64.jar:/opt/hadoop/share/hadoop/common/lib/jersey-json-1.22.0.jar:/opt/hadoop/share/hadoop/common/lib/netty-handler-proxy-4.1.127.Final.jar:/opt/hadoop/share/hadoop/common/lib/hadoop-azure-3.4.3.jar:/opt/hadoop/share/hadoop/common/lib/netty-codec-mqtt-4.1.127.Final.jar:/opt/hadoop/share/hadoop/common/lib/guava-32.0.1-jre.jar:/opt/hadoop/share/hadoop/common/lib/dnsjava-3.6.1.jar:/opt/hadoop/share/hadoop/common/lib/reload4j-1.2.22.jar:/opt/hadoop/share/hadoop/common/lib/jettison-1.5.4.jar:/opt/hadoop/share/hadoop/common/lib/netty-transport-4.1.127.Final.jar:/opt/hadoop/share/hadoop/common/lib/gson-2.9.0.jar:/opt/hadoop/share/hadoop/common/lib/netty-transport-native-epoll-4.1.127.Final-linux-x86_64.jar:/opt/hadoop/share/hadoop/common/lib/azure-storage-7.0.1.jar:/opt/hadoop/share/hadoop/common/lib/netty-transport-native-kqueue-4.1.127.Final-osx-aarch_64.jar:/opt/hadoop/share/hadoop/common/lib/kerby-pkix-2.0.3.jar:/opt/hadoop/share/hadoop/common/lib/javax.servlet-api-3.1.0.jar:/opt/hadoop/share/hadoop/common/lib/stax2-api-4.2.1.jar:/opt/hadoop/share/hadoop/common/lib/checker-qual-3.33.0.jar:/opt/hadoop/share/hadoop/common/lib/netty-all-4.1.127.Final.jar:/opt/hadoop/share/hadoop/common/lib/netty-transport-classes-kqueue-4.1.127.Final.jar:/opt/hadoop/share/hadoop/common/lib/netty-transport-native-epoll-4.1.127.Final-linux-aarch_64.jar:/opt/hadoop/share/hadoop/common/lib/netty-transport-native-epoll-4.1.127.Final.jar:/opt/hadoop/share/hadoop/common/lib/netty-transport-udt-4.1.127.Final.jar:/opt/hadoop/share/hadoop/common/lib/jersey-servlet-1.19.4.jar:/opt/hadoop/share/hadoop/common/lib/curator-framework-5.2.0.jar:/opt/hadoop/share/hadoop/common/lib/netty-resolver-4.1.127.Final.jar:/opt/hadoop/share/hadoop/common/lib/kerb-util-2.0.3.jar:/opt/hadoop/share/hadoop/common/lib/commons-collections4-4.4.jar:/opt/hadoop/share/hadoop/common/lib/kerby-util-2.0.3.jar:/opt/hadoop/share/hadoop/common/hadoop-registry-3.4.3.jar:/opt/hadoop/share/hadoop/common/hadoop-common-3.4.3.jar:/opt/hadoop/share/hadoop/common/hadoop-common-3.4.3-tests.jar:/opt/hadoop/share/hadoop/common/hadoop-kms-3.4.3.jar:/opt/hadoop/share/hadoop/common/hadoop-nfs-3.4.3.jar:/opt/hadoop/share/hadoop/hdfs:/opt/hadoop/share/hadoop/hdfs/lib/netty-transport-classes-epoll-4.1.127.Final.jar:/opt/hadoop/share/hadoop/hdfs/lib/commons-cli-1.9.0.jar:/opt/hadoop/share/hadoop/hdfs/lib/jsr311-api-1.1.1.jar:/opt/hadoop/share/hadoop/hdfs/lib/snappy-java-1.1.10.4.jar:/opt/hadoop/share/hadoop/hdfs/lib/commons-logging-1.3.0.jar:/opt/hadoop/share/hadoop/hdfs/lib/hadoop-shaded-protobuf_3_25-1.5.0.jar:/opt/hadoop/share/hadoop/hdfs/lib/hadoop-auth-3.4.3.jar:/opt/hadoop/share/hadoop/hdfs/lib/netty-transport-rxtx-4.1.127.Final.jar:/opt/hadoop/share/hadoop/hdfs/lib/httpcore-4.4.13.jar:/opt/hadoop/share/hadoop/hdfs/lib/hadoop-shaded-guava-1.5.0.jar:/opt/hadoop/share/hadoop/hdfs/lib/jetty-http-9.4.57.v20241219.jar:/opt/hadoop/share/hadoop/hdfs/lib/jetty-security-9.4.57.v20241219.jar:/opt/hadoop/share/hadoop/hdfs/lib/netty-codec-xml-4.1.127.Final.jar:/opt/hadoop/share/hadoop/hdfs/lib/commons-codec-1.15.jar:/opt/hadoop/share/hadoop/hdfs/lib/jetty-util-9.4.57.v20241219.jar:/opt/hadoop/share/hadoop/hdfs/lib/netty-common-4.1.127.Final.jar:/opt/hadoop/share/hadoop/hdfs/lib/avro-1.11.4.jar:/opt/hadoop/share/hadoop/hdfs/lib/kerb-core-2.0.3.jar:/opt/hadoop/share/hadoop/hdfs/lib/jackson-annotations-2.12.7.jar:/opt/hadoop/share/hadoop/hdfs/lib/netty-codec-dns-4.1.127.Final.jar:/opt/hadoop/share/hadoop/hdfs/lib/jetty-io-9.4.57.v20241219.jar:/opt/hadoop/share/hadoop/hdfs/lib/hadoop-annotations-3.4.3.jar:/opt/hadoop/share/hadoop/hdfs/lib/kerby-asn1-2.0.3.jar:/opt/hadoop/share/hadoop/hdfs/lib/jaxb-api-2.2.11.jar:/opt/hadoop/share/hadoop/hdfs/lib/jetty-util-ajax-9.4.57.v20241219.jar:/opt/hadoop/share/hadoop/hdfs/lib/zookeeper-jute-3.8.4.jar:/opt/hadoop/share/hadoop/hdfs/lib/netty-resolver-dns-native-macos-4.1.127.Final-osx-aarch_64.jar:/opt/hadoop/share/hadoop/hdfs/lib/jetty-servlet-9.4.57.v20241219.jar:/opt/hadoop/share/hadoop/hdfs/lib/j2objc-annotations-2.8.jar:/opt/hadoop/share/hadoop/hdfs/lib/commons-lang3-3.18.0.jar:/opt/hadoop/share/hadoop/hdfs/lib/leveldbjni-all-1.8.jar:/opt/hadoop/share/hadoop/hdfs/lib/netty-codec-redis-4.1.127.Final.jar:/opt/hadoop/share/hadoop/hdfs/lib/netty-codec-stomp-4.1.127.Final.jar:/opt/hadoop/share/hadoop/hdfs/lib/jakarta.activation-api-1.2.1.jar:/opt/hadoop/share/hadoop/hdfs/lib/jaxb-impl-2.2.3-1.jar:/opt/hadoop/share/hadoop/hdfs/lib/jsch-0.1.55.jar:/opt/hadoop/share/hadoop/hdfs/lib/jetty-server-9.4.57.v20241219.jar:/opt/hadoop/share/hadoop/hdfs/lib/commons-daemon-1.0.13.jar:/opt/hadoop/share/hadoop/hdfs/lib/netty-transport-native-epoll-4.1.127.Final-linux-riscv64.jar:/opt/hadoop/share/hadoop/hdfs/lib/netty-handler-ssl-ocsp-4.1.127.Final.jar:/opt/hadoop/share/hadoop/hdfs/lib/jsr305-3.0.2.jar:/opt/hadoop/share/hadoop/hdfs/lib/jetty-webapp-9.4.57.v20241219.jar:/opt/hadoop/share/hadoop/hdfs/lib/failureaccess-1.0.1.jar:/opt/hadoop/share/hadoop/hdfs/lib/netty-buffer-4.1.127.Final.jar:/opt/hadoop/share/hadoop/hdfs/lib/kerb-crypto-2.0.3.jar:/opt/hadoop/share/hadoop/hdfs/lib/netty-resolver-dns-4.1.127.Final.jar:/opt/hadoop/share/hadoop/hdfs/lib/nimbus-jose-jwt-10.4.jar:/opt/hadoop/share/hadoop/hdfs/lib/netty-codec-smtp-4.1.127.Final.jar:/opt/hadoop/share/hadoop/hdfs/lib/netty-codec-memcache-4.1.127.Final.jar:/opt/hadoop/share/hadoop/hdfs/lib/netty-codec-http-4.1.127.Final.jar:/opt/hadoop/share/hadoop/hdfs/lib/jersey-server-1.19.4.jar:/opt/hadoop/share/hadoop/hdfs/lib/netty-handler-4.1.127.Final.jar:/opt/hadoop/share/hadoop/hdfs/lib/json-simple-1.1.1.jar:/opt/hadoop/share/hadoop/hdfs/lib/woodstox-core-5.4.0.jar:/opt/hadoop/share/hadoop/hdfs/lib/zookeeper-3.8.4.jar:/opt/hadoop/share/hadoop/hdfs/lib/kerby-config-2.0.3.jar:/opt/hadoop/share/hadoop/hdfs/lib/commons-net-3.9.0.jar:/opt/hadoop/share/hadoop/hdfs/lib/re2j-1.1.jar:/opt/hadoop/share/hadoop/hdfs/lib/netty-codec-socks-4.1.127.Final.jar:/opt/hadoop/share/hadoop/hdfs/lib/audience-annotations-0.12.0.jar:/opt/hadoop/share/hadoop/hdfs/lib/curator-recipes-5.2.0.jar:/opt/hadoop/share/hadoop/hdfs/lib/netty-transport-sctp-4.1.127.Final.jar:/opt/hadoop/share/hadoop/hdfs/lib/netty-codec-4.1.127.Final.jar:/opt/hadoop/share/hadoop/hdfs/lib/netty-codec-haproxy-4.1.127.Final.jar:/opt/hadoop/share/hadoop/hdfs/lib/jackson-core-2.12.7.jar:/opt/hadoop/share/hadoop/hdfs/lib/commons-configuration2-2.10.1.jar:/opt/hadoop/share/hadoop/hdfs/lib/netty-resolver-dns-classes-macos-4.1.127.Final.jar:/opt/hadoop/share/hadoop/hdfs/lib/commons-io-2.16.1.jar:/opt/hadoop/share/hadoop/hdfs/lib/curator-client-5.2.0.jar:/opt/hadoop/share/hadoop/hdfs/lib/commons-text-1.14.0.jar:/opt/hadoop/share/hadoop/hdfs/lib/netty-resolver-dns-native-macos-4.1.127.Final-osx-x86_64.jar:/opt/hadoop/share/hadoop/hdfs/lib/metrics-core-3.2.4.jar:/opt/hadoop/share/hadoop/hdfs/lib/netty-transport-native-unix-common-4.1.127.Final.jar:/opt/hadoop/share/hadoop/hdfs/lib/httpclient-4.5.13.jar:/opt/hadoop/share/hadoop/hdfs/lib/jersey-core-1.19.4.jar:/opt/hadoop/share/hadoop/hdfs/lib/jackson-databind-2.12.7.1.jar:/opt/hadoop/share/hadoop/hdfs/lib/listenablefuture-9999.0-empty-to-avoid-conflict-with-guava.jar:/opt/hadoop/share/hadoop/hdfs/lib/commons-math3-3.6.1.jar:/opt/hadoop/share/hadoop/hdfs/lib/jetty-xml-9.4.57.v20241219.jar:/opt/hadoop/share/hadoop/hdfs/lib/commons-compress-1.26.1.jar:/opt/hadoop/share/hadoop/hdfs/lib/netty-codec-http2-4.1.127.Final.jar:/opt/hadoop/share/hadoop/hdfs/lib/netty-transport-native-kqueue-4.1.127.Final-osx-x86_64.jar:/opt/hadoop/share/hadoop/hdfs/lib/jersey-json-1.22.0.jar:/opt/hadoop/share/hadoop/hdfs/lib/netty-handler-proxy-4.1.127.Final.jar:/opt/hadoop/share/hadoop/hdfs/lib/netty-codec-mqtt-4.1.127.Final.jar:/opt/hadoop/share/hadoop/hdfs/lib/guava-32.0.1-jre.jar:/opt/hadoop/share/hadoop/hdfs/lib/dnsjava-3.6.1.jar:/opt/hadoop/share/hadoop/hdfs/lib/reload4j-1.2.22.jar:/opt/hadoop/share/hadoop/hdfs/lib/jettison-1.5.4.jar:/opt/hadoop/share/hadoop/hdfs/lib/netty-transport-4.1.127.Final.jar:/opt/hadoop/share/hadoop/hdfs/lib/gson-2.9.0.jar:/opt/hadoop/share/hadoop/hdfs/lib/netty-transport-native-epoll-4.1.127.Final-linux-x86_64.jar:/opt/hadoop/share/hadoop/hdfs/lib/netty-transport-native-kqueue-4.1.127.Final-osx-aarch_64.jar:/opt/hadoop/share/hadoop/hdfs/lib/kerby-pkix-2.0.3.jar:/opt/hadoop/share/hadoop/hdfs/lib/javax.servlet-api-3.1.0.jar:/opt/hadoop/share/hadoop/hdfs/lib/stax2-api-4.2.1.jar:/opt/hadoop/share/hadoop/hdfs/lib/checker-qual-3.33.0.jar:/opt/hadoop/share/hadoop/hdfs/lib/netty-all-4.1.127.Final.jar:/opt/hadoop/share/hadoop/hdfs/lib/netty-transport-classes-kqueue-4.1.127.Final.jar:/opt/hadoop/share/hadoop/hdfs/lib/netty-transport-native-epoll-4.1.127.Final-linux-aarch_64.jar:/opt/hadoop/share/hadoop/hdfs/lib/netty-transport-native-epoll-4.1.127.Final.jar:/opt/hadoop/share/hadoop/hdfs/lib/netty-transport-udt-4.1.127.Final.jar:/opt/hadoop/share/hadoop/hdfs/lib/jersey-servlet-1.19.4.jar:/opt/hadoop/share/hadoop/hdfs/lib/curator-framework-5.2.0.jar:/opt/hadoop/share/hadoop/hdfs/lib/netty-resolver-4.1.127.Final.jar:/opt/hadoop/share/hadoop/hdfs/lib/kerb-util-2.0.3.jar:/opt/hadoop/share/hadoop/hdfs/lib/commons-collections4-4.4.jar:/opt/hadoop/share/hadoop/hdfs/lib/kerby-util-2.0.3.jar:/opt/hadoop/share/hadoop/hdfs/lib/HikariCP-4.0.3.jar:/opt/hadoop/share/hadoop/hdfs/hadoop-hdfs-client-3.4.3.jar:/opt/hadoop/share/hadoop/hdfs/hadoop-hdfs-httpfs-3.4.3.jar:/opt/hadoop/share/hadoop/hdfs/hadoop-hdfs-native-client-3.4.3-tests.jar:/opt/hadoop/share/hadoop/hdfs/hadoop-hdfs-client-3.4.3-tests.jar:/opt/hadoop/share/hadoop/hdfs/hadoop-hdfs-3.4.3.jar:/opt/hadoop/share/hadoop/hdfs/hadoop-hdfs-nfs-3.4.3.jar:/opt/hadoop/share/hadoop/hdfs/hadoop-hdfs-native-client-3.4.3.jar:/opt/hadoop/share/hadoop/hdfs/hadoop-hdfs-rbf-3.4.3.jar:/opt/hadoop/share/hadoop/hdfs/hadoop-hdfs-rbf-3.4.3-tests.jar:/opt/hadoop/share/hadoop/hdfs/hadoop-hdfs-3.4.3-tests.jar:/opt/hadoop/share/hadoop/mapreduce/hadoop-mapreduce-examples-3.4.3.jar:/opt/hadoop/share/hadoop/mapreduce/hadoop-mapreduce-client-nativetask-3.4.3.jar:/opt/hadoop/share/hadoop/mapreduce/hadoop-mapreduce-client-uploader-3.4.3.jar:/opt/hadoop/share/hadoop/mapreduce/hadoop-mapreduce-client-jobclient-3.4.3-tests.jar:/opt/hadoop/share/hadoop/mapreduce/hadoop-mapreduce-client-jobclient-3.4.3.jar:/opt/hadoop/share/hadoop/mapreduce/hadoop-mapreduce-client-hs-plugins-3.4.3.jar:/opt/hadoop/share/hadoop/mapreduce/hadoop-mapreduce-client-app-3.4.3.jar:/opt/hadoop/share/hadoop/mapreduce/hadoop-mapreduce-client-core-3.4.3.jar:/opt/hadoop/share/hadoop/mapreduce/hadoop-mapreduce-client-shuffle-3.4.3.jar:/opt/hadoop/share/hadoop/mapreduce/hadoop-mapreduce-client-common-3.4.3.jar:/opt/hadoop/share/hadoop/mapreduce/hadoop-mapreduce-client-hs-3.4.3.jar:/opt/hadoop/share/hadoop/yarn:/opt/hadoop/share/hadoop/yarn/lib/jaxb-runtime-2.3.1.jar:/opt/hadoop/share/hadoop/yarn/lib/bcpkix-jdk18on-1.82.jar:/opt/hadoop/share/hadoop/yarn/lib/guice-4.2.3.jar:/opt/hadoop/share/hadoop/yarn/lib/javax.activation-api-1.2.0.jar:/opt/hadoop/share/hadoop/yarn/lib/aopalliance-1.0.jar:/opt/hadoop/share/hadoop/yarn/lib/cache-api-1.1.1.jar:/opt/hadoop/share/hadoop/yarn/lib/objenesis-2.6.jar:/opt/hadoop/share/hadoop/yarn/lib/websocket-server-9.4.57.v20241219.jar:/opt/hadoop/share/hadoop/yarn/lib/txw2-2.3.1.jar:/opt/hadoop/share/hadoop/yarn/lib/ehcache-3.8.2.jar:/opt/hadoop/share/hadoop/yarn/lib/javax.websocket-client-api-1.0.jar:/opt/hadoop/share/hadoop/yarn/lib/jetty-plus-9.4.57.v20241219.jar:/opt/hadoop/share/hadoop/yarn/lib/jackson-module-jaxb-annotations-2.12.7.jar:/opt/hadoop/share/hadoop/yarn/lib/jsonschema2pojo-core-1.0.2.jar:/opt/hadoop/share/hadoop/yarn/lib/jline-3.9.0.jar:/opt/hadoop/share/hadoop/yarn/lib/jackson-jaxrs-json-provider-2.12.7.jar:/opt/hadoop/share/hadoop/yarn/lib/jersey-guice-1.19.4.jar:/opt/hadoop/share/hadoop/yarn/lib/istack-commons-runtime-3.0.7.jar:/opt/hadoop/share/hadoop/yarn/lib/jetty-annotations-9.4.57.v20241219.jar:/opt/hadoop/share/hadoop/yarn/lib/guice-servlet-4.2.3.jar:/opt/hadoop/share/hadoop/yarn/lib/asm-commons-9.7.1.jar:/opt/hadoop/share/hadoop/yarn/lib/jakarta.xml.bind-api-2.3.2.jar:/opt/hadoop/share/hadoop/yarn/lib/mssql-jdbc-6.2.1.jre7.jar:/opt/hadoop/share/hadoop/yarn/lib/jetty-client-9.4.57.v20241219.jar:/opt/hadoop/share/hadoop/yarn/lib/javax-websocket-client-impl-9.4.57.v20241219.jar:/opt/hadoop/share/hadoop/yarn/lib/websocket-client-9.4.57.v20241219.jar:/opt/hadoop/share/hadoop/yarn/lib/jackson-jaxrs-base-2.12.7.jar:/opt/hadoop/share/hadoop/yarn/lib/jersey-client-1.19.4.jar:/opt/hadoop/share/hadoop/yarn/lib/asm-tree-9.7.1.jar:/opt/hadoop/share/hadoop/yarn/lib/fst-2.50.jar:/opt/hadoop/share/hadoop/yarn/lib/stax-ex-1.8.jar:/opt/hadoop/share/hadoop/yarn/lib/FastInfoset-1.2.15.jar:/opt/hadoop/share/hadoop/yarn/lib/websocket-servlet-9.4.57.v20241219.jar:/opt/hadoop/share/hadoop/yarn/lib/javax.websocket-api-1.0.jar:/opt/hadoop/share/hadoop/yarn/lib/jna-5.2.0.jar:/opt/hadoop/share/hadoop/yarn/lib/snakeyaml-2.0.jar:/opt/hadoop/share/hadoop/yarn/lib/websocket-api-9.4.57.v20241219.jar:/opt/hadoop/share/hadoop/yarn/lib/commons-lang-2.6.jar:/opt/hadoop/share/hadoop/yarn/lib/codemodel-2.6.jar:/opt/hadoop/share/hadoop/yarn/lib/jetty-jndi-9.4.57.v20241219.jar:/opt/hadoop/share/hadoop/yarn/lib/swagger-annotations-1.5.4.jar:/opt/hadoop/share/hadoop/yarn/lib/websocket-common-9.4.57.v20241219.jar:/opt/hadoop/share/hadoop/yarn/lib/javax.inject-1.jar:/opt/hadoop/share/hadoop/yarn/lib/bcutil-jdk18on-1.82.jar:/opt/hadoop/share/hadoop/yarn/lib/javax-websocket-server-impl-9.4.57.v20241219.jar:/opt/hadoop/share/hadoop/yarn/hadoop-yarn-applications-mawo-core-3.4.3.jar:/opt/hadoop/share/hadoop/yarn/hadoop-yarn-server-tests-3.4.3.jar:/opt/hadoop/share/hadoop/yarn/hadoop-yarn-applications-distributedshell-3.4.3.jar:/opt/hadoop/share/hadoop/yarn/hadoop-yarn-server-resourcemanager-3.4.3.jar:/opt/hadoop/share/hadoop/yarn/hadoop-yarn-applications-unmanaged-am-launcher-3.4.3.jar:/opt/hadoop/share/hadoop/yarn/hadoop-yarn-registry-3.4.3.jar:/opt/hadoop/share/hadoop/yarn/hadoop-yarn-server-globalpolicygenerator-3.4.3.jar:/opt/hadoop/share/hadoop/yarn/hadoop-yarn-api-3.4.3.jar:/opt/hadoop/share/hadoop/yarn/hadoop-yarn-services-api-3.4.3.jar:/opt/hadoop/share/hadoop/yarn/hadoop-yarn-server-common-3.4.3.jar:/opt/hadoop/share/hadoop/yarn/hadoop-yarn-common-3.4.3.jar:/opt/hadoop/share/hadoop/yarn/hadoop-yarn-server-timeline-pluginstorage-3.4.3.jar:/opt/hadoop/share/hadoop/yarn/hadoop-yarn-server-web-proxy-3.4.3.jar:/opt/hadoop/share/hadoop/yarn/hadoop-yarn-services-core-3.4.3.jar:/opt/hadoop/share/hadoop/yarn/hadoop-yarn-server-applicationhistoryservice-3.4.3.jar:/opt/hadoop/share/hadoop/yarn/hadoop-yarn-client-3.4.3.jar:/opt/hadoop/share/hadoop/yarn/hadoop-yarn-server-sharedcachemanager-3.4.3.jar:/opt/hadoop/share/hadoop/yarn/hadoop-yarn-server-router-3.4.3.jar:/opt/hadoop/share/hadoop/yarn/hadoop-yarn-server-nodemanager-3.4.3.jar:/opt/hadoop/share/hadoop/yarn/timelineservice/hadoop-yarn-server-timelineservice-hbase-coprocessor-3.4.3.jar:/opt/hadoop/share/hadoop/yarn/timelineservice/hadoop-yarn-server-timelineservice-documentstore-3.4.3.jar:/opt/hadoop/share/hadoop/yarn/timelineservice/hadoop-yarn-server-timelineservice-hbase-client-3.4.3.jar:/opt/hadoop/share/hadoop/yarn/timelineservice/hadoop-yarn-server-timelineservice-hbase-common-3.4.3.jar:/opt/hadoop/share/hadoop/yarn/timelineservice/hadoop-yarn-server-timelineservice-3.4.3.jar
STARTUP_MSG:   build = https://github.com/apache/hadoop.git -r 9d50c6884666e794e45102260a4017bb31802e1b; compiled by 'stevel' on 2026-02-13T14:23Z
STARTUP_MSG:   java = 11.0.30
************************************************************/
2026-04-12 10:31:32 INFO  NodeManager:91 - registered UNIX signal handlers for [TERM, HUP, INT]
2026-04-12 10:31:32 INFO  ResourcePluginManager:96 - No Resource plugins found from configuration!
2026-04-12 10:31:32 INFO  ResourcePluginManager:98 - Found Resource plugins from configuration: null
2026-04-12 10:31:32 INFO  ResourcePluginManager:86 - The pluggable device framework is not enabled. If you want, please set true to yarn.nodemanager.pluggable-device-framework.enabled
2026-04-12 10:31:33 INFO  AsyncDispatcher:296 - Registering class org.apache.hadoop.yarn.server.nodemanager.containermanager.container.ContainerEventType for class org.apache.hadoop.yarn.server.nodemanager.containermanager.ContainerManagerImpl$ContainerEventDispatcher
2026-04-12 10:31:33 INFO  AsyncDispatcher:296 - Registering class org.apache.hadoop.yarn.server.nodemanager.containermanager.application.ApplicationEventType for class org.apache.hadoop.yarn.server.nodemanager.containermanager.ContainerManagerImpl$ApplicationEventDispatcher
2026-04-12 10:31:33 INFO  AsyncDispatcher:296 - Registering class org.apache.hadoop.yarn.server.nodemanager.containermanager.localizer.event.LocalizationEventType for class org.apache.hadoop.yarn.server.nodemanager.containermanager.ContainerManagerImpl$LocalizationEventHandlerWrapper
2026-04-12 10:31:33 INFO  AsyncDispatcher:296 - Registering class org.apache.hadoop.yarn.server.nodemanager.containermanager.AuxServicesEventType for class org.apache.hadoop.yarn.server.nodemanager.containermanager.AuxServices
2026-04-12 10:31:33 INFO  AsyncDispatcher:296 - Registering class org.apache.hadoop.yarn.server.nodemanager.containermanager.monitor.ContainersMonitorEventType for class org.apache.hadoop.yarn.server.nodemanager.containermanager.monitor.ContainersMonitorImpl
2026-04-12 10:31:33 INFO  AsyncDispatcher:296 - Registering class org.apache.hadoop.yarn.server.nodemanager.containermanager.launcher.ContainersLauncherEventType for class org.apache.hadoop.yarn.server.nodemanager.containermanager.launcher.ContainersLauncher
2026-04-12 10:31:33 INFO  AsyncDispatcher:296 - Registering class org.apache.hadoop.yarn.server.nodemanager.containermanager.scheduler.ContainerSchedulerEventType for class org.apache.hadoop.yarn.server.nodemanager.containermanager.scheduler.ContainerScheduler
2026-04-12 10:31:33 INFO  NMLogAggregationStatusTracker:88 - the rolling interval seconds for the NodeManager Cached Log aggregation status is 600
2026-04-12 10:31:33 INFO  AsyncDispatcher:296 - Registering class org.apache.hadoop.yarn.server.nodemanager.ContainerManagerEventType for class org.apache.hadoop.yarn.server.nodemanager.containermanager.ContainerManagerImpl
2026-04-12 10:31:33 INFO  AsyncDispatcher:296 - Registering class org.apache.hadoop.yarn.server.nodemanager.NodeManagerEventType for class org.apache.hadoop.yarn.server.nodemanager.NodeManager
2026-04-12 10:31:33 INFO  NodeHealthScriptRunner:265 - Missing location for the node health check script "script".
2026-04-12 10:31:33 INFO  DirectoryCollection:240 - Disk Validator 'basic' is loaded.
2026-04-12 10:31:33 INFO  DirectoryCollection:240 - Disk Validator 'basic' is loaded.
2026-04-12 10:31:33 INFO  NodeResourceMonitorImpl:100 -  Using ResourceCalculatorPlugin : org.apache.hadoop.yarn.util.ResourceCalculatorPlugin@64f857e7
2026-04-12 10:31:33 INFO  AsyncDispatcher:296 - Registering class org.apache.hadoop.yarn.server.nodemanager.containermanager.loghandler.event.LogHandlerEventType for class org.apache.hadoop.yarn.server.nodemanager.containermanager.loghandler.NonAggregatingLogHandler
2026-04-12 10:31:33 INFO  AsyncDispatcher:296 - Registering class org.apache.hadoop.yarn.server.nodemanager.containermanager.localizer.sharedcache.SharedCacheUploadEventType for class org.apache.hadoop.yarn.server.nodemanager.containermanager.localizer.sharedcache.SharedCacheUploadService
2026-04-12 10:31:33 INFO  ContainerManagerImpl:407 - AMRMProxyService is disabled
2026-04-12 10:31:33 INFO  ResourceLocalizationService:243 - per directory file limit = 8192
2026-04-12 10:31:33 INFO  AsyncDispatcher:296 - Registering class org.apache.hadoop.yarn.server.nodemanager.containermanager.localizer.event.LocalizerEventType for class org.apache.hadoop.yarn.server.nodemanager.containermanager.localizer.ResourceLocalizationService$LocalizerTracker
2026-04-12 10:31:33 INFO  ResourceHandlerModule:198 - Using traffic control bandwidth handler
2026-04-12 10:31:33 INFO  AuxServices:477 - Initialized auxiliary service mapreduce_shuffle
2026-04-12 10:31:33 INFO  AuxServices:159 - Adding auxiliary service mapreduce_shuffle version null
2026-04-12 10:31:33 INFO  ContainersMonitorImpl:160 - Using ResourceCalculatorPlugin: org.apache.hadoop.yarn.util.ResourceCalculatorPlugin@15f193b8
2026-04-12 10:31:33 INFO  ContainersMonitorImpl:165 - Using ResourceCalculatorProcessTree: null
2026-04-12 10:31:33 INFO  Configuration:2898 - resource-types.xml not found
2026-04-12 10:31:33 INFO  ResourceUtils:476 - Unable to find 'resource-types.xml'.
2026-04-12 10:31:33 INFO  ContainersMonitorImpl:1034 - Setting the resources allocated to containers to <memory:8192, vCores:8>
2026-04-12 10:31:33 INFO  ContainersMonitorImpl:209 - Physical memory check enabled: false
2026-04-12 10:31:33 INFO  ContainersMonitorImpl:210 - Virtual memory check enabled: false
2026-04-12 10:31:33 INFO  ContainersMonitorImpl:211 - Elastic memory control enabled: false
2026-04-12 10:31:33 INFO  ContainersMonitorImpl:212 - Strict memory control enabled: true
2026-04-12 10:31:33 INFO  ContainersMonitorImpl:237 - ContainersMonitor enabled: true
2026-04-12 10:31:33 INFO  ContainersMonitorImpl:242 - Container Log Monitor Enabled: false
2026-04-12 10:31:33 INFO  ContainerManagerImpl:461 - Not a recoverable state store. Nothing to recover.
2026-04-12 10:31:33 INFO  Configuration:2898 - node-resources.xml not found
2026-04-12 10:31:33 INFO  ResourceUtils:476 - Unable to find 'node-resources.xml'.
2026-04-12 10:31:33 INFO  NodeStatusUpdaterImpl:204 - Nodemanager resources is set to: <memory:8192, vCores:8>.
2026-04-12 10:31:33 INFO  NodeStatusUpdaterImpl:250 - Initialized nodemanager with : physical-memory=8192 virtual-memory=17204 virtual-cores=8.
2026-04-12 10:31:33 INFO  CallQueueManager:93 - Using callQueue: class java.util.concurrent.LinkedBlockingQueue, queueCapacity: 2000, scheduler: class org.apache.hadoop.ipc.DefaultRpcScheduler, ipcBackoff: false, ipcFailOver: false.
2026-04-12 10:31:33 INFO  Server:1438 - Listener at 0.0.0.0:46471
2026-04-12 10:31:33 INFO  Server:1474 - Starting Socket Reader #1 for port 0
2026-04-12 10:31:33 INFO  RpcServerFactoryPBImpl:174 - Adding protocol org.apache.hadoop.yarn.api.ContainerManagementProtocolPB to the server
2026-04-12 10:31:33 INFO  Server:1713 - IPC Server Responder: starting
2026-04-12 10:31:33 INFO  Server:1553 - IPC Server listener on 0: starting
2026-04-12 10:31:33 INFO  NMContainerTokenSecretManager:265 - Updating node address : hadoop:46471
2026-04-12 10:31:33 INFO  CallQueueManager:93 - Using callQueue: class java.util.concurrent.LinkedBlockingQueue, queueCapacity: 500, scheduler: class org.apache.hadoop.ipc.DefaultRpcScheduler, ipcBackoff: false, ipcFailOver: false.
2026-04-12 10:31:33 INFO  Server:1438 - Listener at 0.0.0.0:8040
2026-04-12 10:31:33 INFO  Server:1474 - Starting Socket Reader #1 for port 8040
2026-04-12 10:31:33 INFO  RpcServerFactoryPBImpl:174 - Adding protocol org.apache.hadoop.yarn.server.nodemanager.api.LocalizationProtocolPB to the server
2026-04-12 10:31:33 INFO  Server:1713 - IPC Server Responder: starting
2026-04-12 10:31:33 INFO  Server:1553 - IPC Server listener on 8040: starting
2026-04-12 10:31:33 INFO  ResourceLocalizationService:391 - Localizer started on port 8040
2026-04-12 10:31:33 INFO  IndexCache:47 - IndexCache created with max memory = 10485760
2026-04-12 10:31:33 INFO  ShuffleHandler:439 - mapreduce_shuffle listening on port 13562
2026-04-12 10:31:33 INFO  ContainerManagerImpl:742 - ContainerManager started at hadoop/172.22.0.2:46471
2026-04-12 10:31:33 INFO  ContainerManagerImpl:743 - ContainerManager bound to 0.0.0.0/0.0.0.0:0
2026-04-12 10:31:33 WARN  NMLogAggregationStatusTracker:95 - Log Aggregation is disabled.So is the LogAggregationStatusTracker.
2026-04-12 10:31:33 INFO  WebServer:108 - Instantiating NMWebApp at 0.0.0.0:8042
2026-04-12 10:31:33 INFO  log:170 - Logging initialized @1992ms to org.eclipse.jetty.util.log.Slf4jLog
real-time non-blocking time  (microseconds, -R) unlimited
core file size              (blocks, -c) unlimited
data seg size               (kbytes, -d) unlimited
scheduling priority                 (-e) 0
file size                   (blocks, -f) unlimited
pending signals                     (-i) 192474
max locked memory           (kbytes, -l) 8192
max memory size             (kbytes, -m) unlimited
open files                          (-n) 1024
pipe size                (512 bytes, -p) 8
POSIX message queues         (bytes, -q) 819200
real-time priority                  (-r) 0
stack size                  (kbytes, -s) 8192
cpu time                   (seconds, -t) unlimited
max user processes                  (-u) unlimited
virtual memory              (kbytes, -v) unlimited
file locks                          (-x) unlimited
2026-04-12 10:31:34 WARN  AuthenticationFilter:240 - Unable to initialize FileSignerSecretProvider, falling back to use random secrets. Reason: Could not read signature secret file: /home/alex/hadoop-http-auth-signature-secret
2026-04-12 10:31:34 INFO  HttpServer2:1220 - Added global filter 'safety' (class=org.apache.hadoop.http.HttpServer2$QuotingInputFilter)
2026-04-12 10:31:34 INFO  HttpServer2:1193 - Added filter static_user_filter (class=org.apache.hadoop.http.lib.StaticUserWebFilter$StaticUserFilter) to context node
2026-04-12 10:31:34 INFO  HttpServer2:1203 - Added filter static_user_filter (class=org.apache.hadoop.http.lib.StaticUserWebFilter$StaticUserFilter) to context static
2026-04-12 10:31:34 INFO  HttpServer2:1203 - Added filter static_user_filter (class=org.apache.hadoop.http.lib.StaticUserWebFilter$StaticUserFilter) to context logs
2026-04-12 10:31:34 INFO  HttpServer2:1193 - Added filter authentication (class=org.apache.hadoop.security.authentication.server.AuthenticationFilter) to context node
2026-04-12 10:31:34 INFO  HttpServer2:1203 - Added filter authentication (class=org.apache.hadoop.security.authentication.server.AuthenticationFilter) to context static
2026-04-12 10:31:34 INFO  HttpServer2:1203 - Added filter authentication (class=org.apache.hadoop.security.authentication.server.AuthenticationFilter) to context logs
2026-04-12 10:31:34 INFO  HttpServer2:828 - ASYNC_PROFILER_HOME environment variable and async.profiler.home system property not specified. Disabling /prof endpoint.
2026-04-12 10:31:34 INFO  WebApps:431 - Registered webapp guice modules
2026-04-12 10:31:34 INFO  HttpServer2:1467 - Jetty bound to port 8042
2026-04-12 10:31:34 INFO  Server:375 - jetty-9.4.57.v20241219; built: 2025-01-08T21:24:30.412Z; git: df524e6b29271c2e09ba9aea83c18dc9db464a31; jvm 11.0.30+7-post-Ubuntu-1ubuntu122.04
2026-04-12 10:31:34 INFO  session:334 - DefaultSessionIdManager workerName=node0
2026-04-12 10:31:34 INFO  session:339 - No SessionScavenger set, using defaults
2026-04-12 10:31:34 INFO  session:132 - node0 Scavenging every 660000ms
2026-04-12 10:31:34 WARN  AuthenticationFilter:240 - Unable to initialize FileSignerSecretProvider, falling back to use random secrets. Reason: Could not read signature secret file: /home/alex/hadoop-http-auth-signature-secret
2026-04-12 10:31:34 INFO  ContextHandler:921 - Started o.e.j.s.ServletContextHandler@2e3f79a2{logs,/logs,file:///opt/hadoop/logs/,AVAILABLE}
2026-04-12 10:31:34 INFO  ContextHandler:921 - Started o.e.j.s.ServletContextHandler@2cc04358{static,/static,jar:file:/opt/hadoop/share/hadoop/yarn/hadoop-yarn-common-3.4.3.jar!/webapps/static,AVAILABLE}
Apr 12, 2026 10:31:34 AM com.sun.jersey.guice.spi.container.GuiceComponentProviderFactory register
INFO: Registering org.apache.hadoop.yarn.server.nodemanager.webapp.NMWebServices as a root resource class
Apr 12, 2026 10:31:34 AM com.sun.jersey.guice.spi.container.GuiceComponentProviderFactory register
INFO: Registering org.apache.hadoop.yarn.webapp.GenericExceptionHandler as a provider class
Apr 12, 2026 10:31:34 AM com.sun.jersey.guice.spi.container.GuiceComponentProviderFactory register
INFO: Registering org.apache.hadoop.yarn.server.nodemanager.webapp.JAXBContextResolver as a provider class
Apr 12, 2026 10:31:34 AM com.sun.jersey.server.impl.application.WebApplicationImpl _initiate
INFO: Initiating Jersey application, version 'Jersey: 1.19.4 05/24/2017 03:20 PM'
Apr 12, 2026 10:31:34 AM com.sun.jersey.guice.spi.container.GuiceComponentProviderFactory getComponentProvider
INFO: Binding org.apache.hadoop.yarn.server.nodemanager.webapp.JAXBContextResolver to GuiceManagedComponentProvider with the scope "Singleton"
Apr 12, 2026 10:31:34 AM com.sun.jersey.guice.spi.container.GuiceComponentProviderFactory getComponentProvider
INFO: Binding org.apache.hadoop.yarn.webapp.GenericExceptionHandler to GuiceManagedComponentProvider with the scope "Singleton"
Apr 12, 2026 10:31:35 AM com.sun.jersey.guice.spi.container.GuiceComponentProviderFactory getComponentProvider
INFO: Binding org.apache.hadoop.yarn.server.nodemanager.webapp.NMWebServices to GuiceManagedComponentProvider with the scope "Singleton"
2026-04-12 10:31:35 INFO  ContextHandler:921 - Started o.e.j.w.WebAppContext@4b93dd6a{node,/,file:///tmp/jetty-0_0_0_0-8042-hadoop-yarn-common-3_4_3_jar-_-any-15301732059757594834/webapp/,AVAILABLE}{jar:file:/opt/hadoop/share/hadoop/yarn/hadoop-yarn-common-3.4.3.jar!/webapps/node}
2026-04-12 10:31:35 INFO  AbstractConnector:333 - Started ServerConnector@5c73f672{HTTP/1.1, (http/1.1)}{0.0.0.0:8042}
2026-04-12 10:31:35 INFO  Server:415 - Started @3111ms
2026-04-12 10:31:35 INFO  WebApps:476 - Web app node started at 8042
2026-04-12 10:31:35 INFO  NodeStatusUpdaterImpl:266 - Node ID assigned is : hadoop:46471.
2026-04-12 10:31:35 INFO  JvmPauseMonitor:185 - Starting JVM pause monitor
2026-04-12 10:31:35 INFO  DefaultNoHARMFailoverProxyProvider:64 - Connecting to ResourceManager at hadoop/172.22.0.2:8031
2026-04-12 10:31:35 INFO  NodeStatusUpdaterImpl:642 - Running Applications Size : 0.
2026-04-12 10:31:35 INFO  NMContainerTokenSecretManager:143 - Rolling master-key for container-tokens, got key with id 901291219
2026-04-12 10:31:35 INFO  NMTokenSecretManagerInNM:143 - Rolling master-key for container-tokens, got key with id 471101363
2026-04-12 10:31:35 INFO  NodeStatusUpdaterImpl:484 - Registered with ResourceManager as hadoop:46471 with total resource of <memory:8192, vCores:8>
2026-04-12 10:41:33 INFO  ResourceLocalizationService:545 - Cache Size Before Clean: 0, Total Deleted: 0, Public Deleted: 0, Private Deleted: 0
2026-04-12 10:51:33 INFO  ResourceLocalizationService:545 - Cache Size Before Clean: 0, Total Deleted: 0, Public Deleted: 0, Private Deleted: 0
2026-04-12 11:01:33 INFO  ResourceLocalizationService:545 - Cache Size Before Clean: 0, Total Deleted: 0, Public Deleted: 0, Private Deleted: 0
2026-04-12 11:11:33 INFO  ResourceLocalizationService:545 - Cache Size Before Clean: 0, Total Deleted: 0, Public Deleted: 0, Private Deleted: 0
2026-04-12 11:21:33 INFO  ResourceLocalizationService:545 - Cache Size Before Clean: 0, Total Deleted: 0, Public Deleted: 0, Private Deleted: 0
2026-04-12 11:31:33 INFO  ResourceLocalizationService:545 - Cache Size Before Clean: 0, Total Deleted: 0, Public Deleted: 0, Private Deleted: 0
2026-04-12 11:41:33 INFO  ResourceLocalizationService:545 - Cache Size Before Clean: 0, Total Deleted: 0, Public Deleted: 0, Private Deleted: 0
2026-04-12 11:51:33 INFO  ResourceLocalizationService:545 - Cache Size Before Clean: 0, Total Deleted: 0, Public Deleted: 0, Private Deleted: 0
2026-04-12 12:01:33 INFO  ResourceLocalizationService:545 - Cache Size Before Clean: 0, Total Deleted: 0, Public Deleted: 0, Private Deleted: 0
2026-04-12 12:11:33 INFO  ResourceLocalizationService:545 - Cache Size Before Clean: 0, Total Deleted: 0, Public Deleted: 0, Private Deleted: 0
2026-04-12 12:21:33 INFO  ResourceLocalizationService:545 - Cache Size Before Clean: 0, Total Deleted: 0, Public Deleted: 0, Private Deleted: 0
2026-04-12 12:31:33 INFO  ResourceLocalizationService:545 - Cache Size Before Clean: 0, Total Deleted: 0, Public Deleted: 0, Private Deleted: 0
2026-04-12 12:41:33 INFO  ResourceLocalizationService:545 - Cache Size Before Clean: 0, Total Deleted: 0, Public Deleted: 0, Private Deleted: 0
2026-04-12 12:51:33 INFO  ResourceLocalizationService:545 - Cache Size Before Clean: 0, Total Deleted: 0, Public Deleted: 0, Private Deleted: 0
2026-04-12 13:01:33 INFO  ResourceLocalizationService:545 - Cache Size Before Clean: 0, Total Deleted: 0, Public Deleted: 0, Private Deleted: 0
2026-04-12 13:11:33 INFO  ResourceLocalizationService:545 - Cache Size Before Clean: 0, Total Deleted: 0, Public Deleted: 0, Private Deleted: 0
2026-04-12 13:21:33 INFO  ResourceLocalizationService:545 - Cache Size Before Clean: 0, Total Deleted: 0, Public Deleted: 0, Private Deleted: 0
2026-04-12 13:31:33 INFO  ResourceLocalizationService:545 - Cache Size Before Clean: 0, Total Deleted: 0, Public Deleted: 0, Private Deleted: 0
2026-04-12 13:41:33 INFO  ResourceLocalizationService:545 - Cache Size Before Clean: 0, Total Deleted: 0, Public Deleted: 0, Private Deleted: 0
